#-----------------------------------------------------------
# Vivado v2019.2 (64-bit)
# SW Build 2708876 on Wed Nov  6 21:39:14 MST 2019
# IP Build 2700528 on Thu Nov  7 00:09:20 MST 2019
# Start of session at: Tue Feb  8 10:56:35 2022
# Process ID: 30276
# Current directory: /home/daniela/Documentos/UNAL/2021_2/Digitales_2/Proyecto/wp08-2021-2-gr-03/SoC_project/build/nexys4ddr/gateware
# Command line: vivado -mode batch -source nexys4ddr.tcl
# Log file: /home/daniela/Documentos/UNAL/2021_2/Digitales_2/Proyecto/wp08-2021-2-gr-03/SoC_project/build/nexys4ddr/gateware/vivado.log
# Journal file: /home/daniela/Documentos/UNAL/2021_2/Digitales_2/Proyecto/wp08-2021-2-gr-03/SoC_project/build/nexys4ddr/gateware/vivado.jou
#-----------------------------------------------------------
source nexys4ddr.tcl
# create_project -force -name nexys4ddr -part xc7a100t-CSG324-1
create_project: Time (s): cpu = 00:00:05 ; elapsed = 00:00:07 . Memory (MB): peak = 1408.668 ; gain = 12.023 ; free physical = 105 ; free virtual = 2808
# set_msg_config -id {Common 17-55} -new_severity {Warning}
# read_verilog {/home/daniela/Documentos/UNAL/2021_2/Digitales_2/Proyecto/wp08-2021-2-gr-03/SoC_project/module/verilog/infrarrojo.v}
# read_verilog {/home/daniela/Documentos/UNAL/2021_2/Digitales_2/Proyecto/wp08-2021-2-gr-03/SoC_project/module/verilog/motores.v}
# read_verilog {/opt/litex/pythondata-cpu-vexriscv/pythondata_cpu_vexriscv/verilog/VexRiscv.v}
# read_verilog {/home/daniela/Documentos/UNAL/2021_2/Digitales_2/Proyecto/wp08-2021-2-gr-03/SoC_project/build/nexys4ddr/gateware/nexys4ddr.v}
# read_xdc nexys4ddr.xdc
# set_property PROCESSING_ORDER EARLY [get_files nexys4ddr.xdc]
# synth_design -directive default -top nexys4ddr -part xc7a100t-CSG324-1
Command: synth_design -directive default -top nexys4ddr -part xc7a100t-CSG324-1
Starting synth_design
Attempting to get a license for feature 'Synthesis' and/or device 'xc7a100t'
INFO: [Common 17-349] Got license for feature 'Synthesis' and/or device 'xc7a100t'
INFO: [Device 21-403] Loading part xc7a100tcsg324-1
INFO: Launching helper process for spawning children vivado processes
INFO: Helper process launched with PID 30484 
---------------------------------------------------------------------------------
Starting RTL Elaboration : Time (s): cpu = 00:00:16 ; elapsed = 00:00:24 . Memory (MB): peak = 1875.270 ; gain = 201.688 ; free physical = 162 ; free virtual = 2336
---------------------------------------------------------------------------------
INFO: [Synth 8-6157] synthesizing module 'nexys4ddr' [/home/daniela/Documentos/UNAL/2021_2/Digitales_2/Proyecto/wp08-2021-2-gr-03/SoC_project/build/nexys4ddr/gateware/nexys4ddr.v:20]
INFO: [Synth 8-5534] Detected attribute (* dont_touch = "true" *) [/home/daniela/Documentos/UNAL/2021_2/Digitales_2/Proyecto/wp08-2021-2-gr-03/SoC_project/build/nexys4ddr/gateware/nexys4ddr.v:837]
INFO: [Synth 8-5534] Detected attribute (* async_reg = "true" *) [/home/daniela/Documentos/UNAL/2021_2/Digitales_2/Proyecto/wp08-2021-2-gr-03/SoC_project/build/nexys4ddr/gateware/nexys4ddr.v:837]
INFO: [Synth 8-5534] Detected attribute (* dont_touch = "true" *) [/home/daniela/Documentos/UNAL/2021_2/Digitales_2/Proyecto/wp08-2021-2-gr-03/SoC_project/build/nexys4ddr/gateware/nexys4ddr.v:838]
INFO: [Synth 8-5534] Detected attribute (* async_reg = "true" *) [/home/daniela/Documentos/UNAL/2021_2/Digitales_2/Proyecto/wp08-2021-2-gr-03/SoC_project/build/nexys4ddr/gateware/nexys4ddr.v:838]
INFO: [Synth 8-5534] Detected attribute (* dont_touch = "true" *) [/home/daniela/Documentos/UNAL/2021_2/Digitales_2/Proyecto/wp08-2021-2-gr-03/SoC_project/build/nexys4ddr/gateware/nexys4ddr.v:839]
INFO: [Synth 8-5534] Detected attribute (* async_reg = "true" *) [/home/daniela/Documentos/UNAL/2021_2/Digitales_2/Proyecto/wp08-2021-2-gr-03/SoC_project/build/nexys4ddr/gateware/nexys4ddr.v:839]
INFO: [Synth 8-5534] Detected attribute (* dont_touch = "true" *) [/home/daniela/Documentos/UNAL/2021_2/Digitales_2/Proyecto/wp08-2021-2-gr-03/SoC_project/build/nexys4ddr/gateware/nexys4ddr.v:840]
INFO: [Synth 8-5534] Detected attribute (* async_reg = "true" *) [/home/daniela/Documentos/UNAL/2021_2/Digitales_2/Proyecto/wp08-2021-2-gr-03/SoC_project/build/nexys4ddr/gateware/nexys4ddr.v:840]
INFO: [Synth 8-5534] Detected attribute (* dont_touch = "true" *) [/home/daniela/Documentos/UNAL/2021_2/Digitales_2/Proyecto/wp08-2021-2-gr-03/SoC_project/build/nexys4ddr/gateware/nexys4ddr.v:842]
INFO: [Synth 8-5534] Detected attribute (* async_reg = "true" *) [/home/daniela/Documentos/UNAL/2021_2/Digitales_2/Proyecto/wp08-2021-2-gr-03/SoC_project/build/nexys4ddr/gateware/nexys4ddr.v:842]
INFO: [Synth 8-5534] Detected attribute (* dont_touch = "true" *) [/home/daniela/Documentos/UNAL/2021_2/Digitales_2/Proyecto/wp08-2021-2-gr-03/SoC_project/build/nexys4ddr/gateware/nexys4ddr.v:843]
INFO: [Synth 8-5534] Detected attribute (* async_reg = "true" *) [/home/daniela/Documentos/UNAL/2021_2/Digitales_2/Proyecto/wp08-2021-2-gr-03/SoC_project/build/nexys4ddr/gateware/nexys4ddr.v:843]
INFO: [Synth 8-3876] $readmem data file 'mem.init' is read successfully [/home/daniela/Documentos/UNAL/2021_2/Digitales_2/Proyecto/wp08-2021-2-gr-03/SoC_project/build/nexys4ddr/gateware/nexys4ddr.v:2844]
INFO: [Synth 8-3876] $readmem data file 'mem_1.init' is read successfully [/home/daniela/Documentos/UNAL/2021_2/Digitales_2/Proyecto/wp08-2021-2-gr-03/SoC_project/build/nexys4ddr/gateware/nexys4ddr.v:2859]
INFO: [Synth 8-3876] $readmem data file 'mem_2.init' is read successfully [/home/daniela/Documentos/UNAL/2021_2/Digitales_2/Proyecto/wp08-2021-2-gr-03/SoC_project/build/nexys4ddr/gateware/nexys4ddr.v:2882]
INFO: [Synth 8-155] case statement is not full and has no default [/home/daniela/Documentos/UNAL/2021_2/Digitales_2/Proyecto/wp08-2021-2-gr-03/SoC_project/build/nexys4ddr/gateware/nexys4ddr.v:2281]
INFO: [Synth 8-155] case statement is not full and has no default [/home/daniela/Documentos/UNAL/2021_2/Digitales_2/Proyecto/wp08-2021-2-gr-03/SoC_project/build/nexys4ddr/gateware/nexys4ddr.v:2290]
INFO: [Synth 8-155] case statement is not full and has no default [/home/daniela/Documentos/UNAL/2021_2/Digitales_2/Proyecto/wp08-2021-2-gr-03/SoC_project/build/nexys4ddr/gateware/nexys4ddr.v:2313]
INFO: [Synth 8-155] case statement is not full and has no default [/home/daniela/Documentos/UNAL/2021_2/Digitales_2/Proyecto/wp08-2021-2-gr-03/SoC_project/build/nexys4ddr/gateware/nexys4ddr.v:2374]
INFO: [Synth 8-155] case statement is not full and has no default [/home/daniela/Documentos/UNAL/2021_2/Digitales_2/Proyecto/wp08-2021-2-gr-03/SoC_project/build/nexys4ddr/gateware/nexys4ddr.v:2399]
INFO: [Synth 8-155] case statement is not full and has no default [/home/daniela/Documentos/UNAL/2021_2/Digitales_2/Proyecto/wp08-2021-2-gr-03/SoC_project/build/nexys4ddr/gateware/nexys4ddr.v:2467]
INFO: [Synth 8-155] case statement is not full and has no default [/home/daniela/Documentos/UNAL/2021_2/Digitales_2/Proyecto/wp08-2021-2-gr-03/SoC_project/build/nexys4ddr/gateware/nexys4ddr.v:2535]
INFO: [Synth 8-155] case statement is not full and has no default [/home/daniela/Documentos/UNAL/2021_2/Digitales_2/Proyecto/wp08-2021-2-gr-03/SoC_project/build/nexys4ddr/gateware/nexys4ddr.v:2547]
INFO: [Synth 8-155] case statement is not full and has no default [/home/daniela/Documentos/UNAL/2021_2/Digitales_2/Proyecto/wp08-2021-2-gr-03/SoC_project/build/nexys4ddr/gateware/nexys4ddr.v:2559]
INFO: [Synth 8-155] case statement is not full and has no default [/home/daniela/Documentos/UNAL/2021_2/Digitales_2/Proyecto/wp08-2021-2-gr-03/SoC_project/build/nexys4ddr/gateware/nexys4ddr.v:2568]
INFO: [Synth 8-155] case statement is not full and has no default [/home/daniela/Documentos/UNAL/2021_2/Digitales_2/Proyecto/wp08-2021-2-gr-03/SoC_project/build/nexys4ddr/gateware/nexys4ddr.v:2623]
INFO: [Synth 8-155] case statement is not full and has no default [/home/daniela/Documentos/UNAL/2021_2/Digitales_2/Proyecto/wp08-2021-2-gr-03/SoC_project/build/nexys4ddr/gateware/nexys4ddr.v:2665]
INFO: [Synth 8-6157] synthesizing module 'infrarrojo' [/home/daniela/Documentos/UNAL/2021_2/Digitales_2/Proyecto/wp08-2021-2-gr-03/SoC_project/module/verilog/infrarrojo.v:25]
INFO: [Synth 8-6155] done synthesizing module 'infrarrojo' (1#1) [/home/daniela/Documentos/UNAL/2021_2/Digitales_2/Proyecto/wp08-2021-2-gr-03/SoC_project/module/verilog/infrarrojo.v:25]
INFO: [Synth 8-6157] synthesizing module 'motores' [/home/daniela/Documentos/UNAL/2021_2/Digitales_2/Proyecto/wp08-2021-2-gr-03/SoC_project/module/verilog/motores.v:33]
	Parameter A bound to: 0 - type: integer 
	Parameter R bound to: 1 - type: integer 
	Parameter P bound to: 2 - type: integer 
	Parameter GD bound to: 3 - type: integer 
	Parameter GI bound to: 4 - type: integer 
INFO: [Synth 8-6155] done synthesizing module 'motores' (2#1) [/home/daniela/Documentos/UNAL/2021_2/Digitales_2/Proyecto/wp08-2021-2-gr-03/SoC_project/module/verilog/motores.v:33]
INFO: [Synth 8-6157] synthesizing module 'VexRiscv' [/opt/litex/pythondata-cpu-vexriscv/pythondata_cpu_vexriscv/verilog/VexRiscv.v:46]
INFO: [Synth 8-5534] Detected attribute (* ram_style = "block" *) [/opt/litex/pythondata-cpu-vexriscv/pythondata_cpu_vexriscv/verilog/VexRiscv.v:1352]
INFO: [Synth 8-6157] synthesizing module 'InstructionCache' [/opt/litex/pythondata-cpu-vexriscv/pythondata_cpu_vexriscv/verilog/VexRiscv.v:6025]
INFO: [Synth 8-5534] Detected attribute (* ram_style = "block" *) [/opt/litex/pythondata-cpu-vexriscv/pythondata_cpu_vexriscv/verilog/VexRiscv.v:6130]
INFO: [Synth 8-5534] Detected attribute (* ram_style = "block" *) [/opt/litex/pythondata-cpu-vexriscv/pythondata_cpu_vexriscv/verilog/VexRiscv.v:6131]
WARNING: [Synth 8-6014] Unused sequential element decodeStage_mmuRsp_isIoAccess_reg was removed.  [/opt/litex/pythondata-cpu-vexriscv/pythondata_cpu_vexriscv/verilog/VexRiscv.v:6302]
WARNING: [Synth 8-6014] Unused sequential element decodeStage_mmuRsp_allowRead_reg was removed.  [/opt/litex/pythondata-cpu-vexriscv/pythondata_cpu_vexriscv/verilog/VexRiscv.v:6304]
WARNING: [Synth 8-6014] Unused sequential element decodeStage_mmuRsp_allowWrite_reg was removed.  [/opt/litex/pythondata-cpu-vexriscv/pythondata_cpu_vexriscv/verilog/VexRiscv.v:6305]
WARNING: [Synth 8-6014] Unused sequential element decodeStage_mmuRsp_bypassTranslation_reg was removed.  [/opt/litex/pythondata-cpu-vexriscv/pythondata_cpu_vexriscv/verilog/VexRiscv.v:6309]
INFO: [Synth 8-6155] done synthesizing module 'InstructionCache' (3#1) [/opt/litex/pythondata-cpu-vexriscv/pythondata_cpu_vexriscv/verilog/VexRiscv.v:6025]
INFO: [Synth 8-6157] synthesizing module 'DataCache' [/opt/litex/pythondata-cpu-vexriscv/pythondata_cpu_vexriscv/verilog/VexRiscv.v:5194]
INFO: [Synth 8-5534] Detected attribute (* ram_style = "block" *) [/opt/litex/pythondata-cpu-vexriscv/pythondata_cpu_vexriscv/verilog/VexRiscv.v:5403]
INFO: [Synth 8-5534] Detected attribute (* ram_style = "block" *) [/opt/litex/pythondata-cpu-vexriscv/pythondata_cpu_vexriscv/verilog/VexRiscv.v:5404]
INFO: [Synth 8-5534] Detected attribute (* ram_style = "block" *) [/opt/litex/pythondata-cpu-vexriscv/pythondata_cpu_vexriscv/verilog/VexRiscv.v:5405]
INFO: [Synth 8-5534] Detected attribute (* ram_style = "block" *) [/opt/litex/pythondata-cpu-vexriscv/pythondata_cpu_vexriscv/verilog/VexRiscv.v:5406]
INFO: [Synth 8-5534] Detected attribute (* ram_style = "block" *) [/opt/litex/pythondata-cpu-vexriscv/pythondata_cpu_vexriscv/verilog/VexRiscv.v:5407]
WARNING: [Synth 8-6014] Unused sequential element tagsWriteLastCmd_valid_reg was removed.  [/opt/litex/pythondata-cpu-vexriscv/pythondata_cpu_vexriscv/verilog/VexRiscv.v:5899]
WARNING: [Synth 8-6014] Unused sequential element tagsWriteLastCmd_payload_way_reg was removed.  [/opt/litex/pythondata-cpu-vexriscv/pythondata_cpu_vexriscv/verilog/VexRiscv.v:5900]
WARNING: [Synth 8-6014] Unused sequential element tagsWriteLastCmd_payload_address_reg was removed.  [/opt/litex/pythondata-cpu-vexriscv/pythondata_cpu_vexriscv/verilog/VexRiscv.v:5901]
WARNING: [Synth 8-6014] Unused sequential element tagsWriteLastCmd_payload_data_valid_reg was removed.  [/opt/litex/pythondata-cpu-vexriscv/pythondata_cpu_vexriscv/verilog/VexRiscv.v:5902]
WARNING: [Synth 8-6014] Unused sequential element tagsWriteLastCmd_payload_data_error_reg was removed.  [/opt/litex/pythondata-cpu-vexriscv/pythondata_cpu_vexriscv/verilog/VexRiscv.v:5903]
WARNING: [Synth 8-6014] Unused sequential element tagsWriteLastCmd_payload_data_address_reg was removed.  [/opt/litex/pythondata-cpu-vexriscv/pythondata_cpu_vexriscv/verilog/VexRiscv.v:5904]
WARNING: [Synth 8-6014] Unused sequential element stageA_request_totalyConsistent_reg was removed.  [/opt/litex/pythondata-cpu-vexriscv/pythondata_cpu_vexriscv/verilog/VexRiscv.v:5908]
WARNING: [Synth 8-6014] Unused sequential element stageB_request_totalyConsistent_reg was removed.  [/opt/litex/pythondata-cpu-vexriscv/pythondata_cpu_vexriscv/verilog/VexRiscv.v:5922]
WARNING: [Synth 8-6014] Unused sequential element stageB_mmuRsp_allowExecute_reg was removed.  [/opt/litex/pythondata-cpu-vexriscv/pythondata_cpu_vexriscv/verilog/VexRiscv.v:5930]
WARNING: [Synth 8-6014] Unused sequential element stageB_mmuRsp_bypassTranslation_reg was removed.  [/opt/litex/pythondata-cpu-vexriscv/pythondata_cpu_vexriscv/verilog/VexRiscv.v:5933]
WARNING: [Synth 8-6014] Unused sequential element stageB_tagsReadRsp_0_valid_reg was removed.  [/opt/litex/pythondata-cpu-vexriscv/pythondata_cpu_vexriscv/verilog/VexRiscv.v:5936]
WARNING: [Synth 8-6014] Unused sequential element stageB_tagsReadRsp_0_address_reg was removed.  [/opt/litex/pythondata-cpu-vexriscv/pythondata_cpu_vexriscv/verilog/VexRiscv.v:5938]
WARNING: [Synth 8-3848] Net io_cpu_writeBack_exclusiveOk in module/entity DataCache does not have driver. [/opt/litex/pythondata-cpu-vexriscv/pythondata_cpu_vexriscv/verilog/VexRiscv.v:5236]
INFO: [Synth 8-6155] done synthesizing module 'DataCache' (4#1) [/opt/litex/pythondata-cpu-vexriscv/pythondata_cpu_vexriscv/verilog/VexRiscv.v:5194]
WARNING: [Synth 8-6014] Unused sequential element IBusCachedPlugin_fetchPc_correctionReg_reg was removed.  [/opt/litex/pythondata-cpu-vexriscv/pythondata_cpu_vexriscv/verilog/VexRiscv.v:2953]
WARNING: [Synth 8-6014] Unused sequential element IBusCachedPlugin_injector_nextPcCalc_valids_2_reg was removed.  [/opt/litex/pythondata-cpu-vexriscv/pythondata_cpu_vexriscv/verilog/VexRiscv.v:3061]
WARNING: [Synth 8-6014] Unused sequential element IBusCachedPlugin_injector_nextPcCalc_valids_3_reg was removed.  [/opt/litex/pythondata-cpu-vexriscv/pythondata_cpu_vexriscv/verilog/VexRiscv.v:3062]
WARNING: [Synth 8-6014] Unused sequential element IBusCachedPlugin_injector_nextPcCalc_valids_4_reg was removed.  [/opt/litex/pythondata-cpu-vexriscv/pythondata_cpu_vexriscv/verilog/VexRiscv.v:3063]
WARNING: [Synth 8-6014] Unused sequential element IBusCachedPlugin_rspCounter_reg was removed.  [/opt/litex/pythondata-cpu-vexriscv/pythondata_cpu_vexriscv/verilog/VexRiscv.v:4599]
WARNING: [Synth 8-6014] Unused sequential element DBusCachedPlugin_rspCounter_reg was removed.  [/opt/litex/pythondata-cpu-vexriscv/pythondata_cpu_vexriscv/verilog/VexRiscv.v:4603]
WARNING: [Synth 8-6014] Unused sequential element execute_CsrPlugin_wfiWake_reg was removed.  [/opt/litex/pythondata-cpu-vexriscv/pythondata_cpu_vexriscv/verilog/VexRiscv.v:4622]
WARNING: [Synth 8-6014] Unused sequential element dataCache_1_io_mem_cmd_rData_uncached_reg was removed.  [/opt/litex/pythondata-cpu-vexriscv/pythondata_cpu_vexriscv/verilog/VexRiscv.v:3257]
WARNING: [Synth 8-6014] Unused sequential element dataCache_1_io_mem_cmd_rData_last_reg was removed.  [/opt/litex/pythondata-cpu-vexriscv/pythondata_cpu_vexriscv/verilog/VexRiscv.v:3262]
WARNING: [Synth 8-6014] Unused sequential element dataCache_1_io_mem_cmd_s2mPipe_rData_uncached_reg was removed.  [/opt/litex/pythondata-cpu-vexriscv/pythondata_cpu_vexriscv/verilog/VexRiscv.v:3273]
WARNING: [Synth 8-6014] Unused sequential element dataCache_1_io_mem_cmd_s2mPipe_rData_last_reg was removed.  [/opt/litex/pythondata-cpu-vexriscv/pythondata_cpu_vexriscv/verilog/VexRiscv.v:3278]
WARNING: [Synth 8-6014] Unused sequential element CsrPlugin_mcycle_reg was removed.  [/opt/litex/pythondata-cpu-vexriscv/pythondata_cpu_vexriscv/verilog/VexRiscv.v:4885]
WARNING: [Synth 8-6014] Unused sequential element CsrPlugin_minstret_reg was removed.  [/opt/litex/pythondata-cpu-vexriscv/pythondata_cpu_vexriscv/verilog/VexRiscv.v:4887]
WARNING: [Synth 8-6014] Unused sequential element decode_to_execute_FORMAL_PC_NEXT_reg was removed.  [/opt/litex/pythondata-cpu-vexriscv/pythondata_cpu_vexriscv/verilog/VexRiscv.v:2492]
WARNING: [Synth 8-6014] Unused sequential element execute_to_memory_FORMAL_PC_NEXT_reg was removed.  [/opt/litex/pythondata-cpu-vexriscv/pythondata_cpu_vexriscv/verilog/VexRiscv.v:2491]
WARNING: [Synth 8-6014] Unused sequential element memory_to_writeBack_FORMAL_PC_NEXT_reg was removed.  [/opt/litex/pythondata-cpu-vexriscv/pythondata_cpu_vexriscv/verilog/VexRiscv.v:2490]
WARNING: [Synth 8-6014] Unused sequential element decode_to_execute_CSR_READ_OPCODE_reg was removed.  [/opt/litex/pythondata-cpu-vexriscv/pythondata_cpu_vexriscv/verilog/VexRiscv.v:2505]
WARNING: [Synth 8-6014] Unused sequential element CsrPlugin_mtvec_mode_reg was removed.  [/opt/litex/pythondata-cpu-vexriscv/pythondata_cpu_vexriscv/verilog/VexRiscv.v:5179]
WARNING: [Synth 8-3848] Net IBusCachedPlugin_cache_io_cpu_fetch_isRemoved in module/entity VexRiscv does not have driver. [/opt/litex/pythondata-cpu-vexriscv/pythondata_cpu_vexriscv/verilog/VexRiscv.v:80]
WARNING: [Synth 8-3848] Net IBusCachedPlugin_mmuBus_rsp_bypassTranslation in module/entity VexRiscv does not have driver. [/opt/litex/pythondata-cpu-vexriscv/pythondata_cpu_vexriscv/verilog/VexRiscv.v:643]
WARNING: [Synth 8-3848] Net DBusCachedPlugin_mmuBus_rsp_bypassTranslation in module/entity VexRiscv does not have driver. [/opt/litex/pythondata-cpu-vexriscv/pythondata_cpu_vexriscv/verilog/VexRiscv.v:671]
WARNING: [Synth 8-3848] Net dataCache_1_io_cpu_writeBack_fence_SW in module/entity VexRiscv does not have driver. [/opt/litex/pythondata-cpu-vexriscv/pythondata_cpu_vexriscv/verilog/VexRiscv.v:94]
WARNING: [Synth 8-3848] Net dataCache_1_io_cpu_writeBack_fence_SR in module/entity VexRiscv does not have driver. [/opt/litex/pythondata-cpu-vexriscv/pythondata_cpu_vexriscv/verilog/VexRiscv.v:95]
WARNING: [Synth 8-3848] Net dataCache_1_io_cpu_writeBack_fence_SO in module/entity VexRiscv does not have driver. [/opt/litex/pythondata-cpu-vexriscv/pythondata_cpu_vexriscv/verilog/VexRiscv.v:96]
WARNING: [Synth 8-3848] Net dataCache_1_io_cpu_writeBack_fence_SI in module/entity VexRiscv does not have driver. [/opt/litex/pythondata-cpu-vexriscv/pythondata_cpu_vexriscv/verilog/VexRiscv.v:97]
WARNING: [Synth 8-3848] Net dataCache_1_io_cpu_writeBack_fence_PW in module/entity VexRiscv does not have driver. [/opt/litex/pythondata-cpu-vexriscv/pythondata_cpu_vexriscv/verilog/VexRiscv.v:98]
WARNING: [Synth 8-3848] Net dataCache_1_io_cpu_writeBack_fence_PR in module/entity VexRiscv does not have driver. [/opt/litex/pythondata-cpu-vexriscv/pythondata_cpu_vexriscv/verilog/VexRiscv.v:99]
WARNING: [Synth 8-3848] Net dataCache_1_io_cpu_writeBack_fence_PO in module/entity VexRiscv does not have driver. [/opt/litex/pythondata-cpu-vexriscv/pythondata_cpu_vexriscv/verilog/VexRiscv.v:100]
WARNING: [Synth 8-3848] Net dataCache_1_io_cpu_writeBack_fence_PI in module/entity VexRiscv does not have driver. [/opt/litex/pythondata-cpu-vexriscv/pythondata_cpu_vexriscv/verilog/VexRiscv.v:101]
WARNING: [Synth 8-3848] Net dataCache_1_io_cpu_writeBack_fence_FM in module/entity VexRiscv does not have driver. [/opt/litex/pythondata-cpu-vexriscv/pythondata_cpu_vexriscv/verilog/VexRiscv.v:102]
WARNING: [Synth 8-3848] Net dBus_rsp_payload_last in module/entity VexRiscv does not have driver. [/opt/litex/pythondata-cpu-vexriscv/pythondata_cpu_vexriscv/verilog/VexRiscv.v:656]
INFO: [Synth 8-6155] done synthesizing module 'VexRiscv' (5#1) [/opt/litex/pythondata-cpu-vexriscv/pythondata_cpu_vexriscv/verilog/VexRiscv.v:46]
WARNING: [Synth 8-6014] Unused sequential element buttons_re_reg was removed.  [/home/daniela/Documentos/UNAL/2021_2/Digitales_2/Proyecto/wp08-2021-2-gr-03/SoC_project/build/nexys4ddr/gateware/nexys4ddr.v:2287]
WARNING: [Synth 8-6014] Unused sequential element scratch_re_reg was removed.  [/home/daniela/Documentos/UNAL/2021_2/Digitales_2/Proyecto/wp08-2021-2-gr-03/SoC_project/build/nexys4ddr/gateware/nexys4ddr.v:2309]
WARNING: [Synth 8-6014] Unused sequential element bus_errors_re_reg was removed.  [/home/daniela/Documentos/UNAL/2021_2/Digitales_2/Proyecto/wp08-2021-2-gr-03/SoC_project/build/nexys4ddr/gateware/nexys4ddr.v:2310]
WARNING: [Synth 8-6014] Unused sequential element dig_0_re_reg was removed.  [/home/daniela/Documentos/UNAL/2021_2/Digitales_2/Proyecto/wp08-2021-2-gr-03/SoC_project/build/nexys4ddr/gateware/nexys4ddr.v:2343]
WARNING: [Synth 8-6014] Unused sequential element dig_1_re_reg was removed.  [/home/daniela/Documentos/UNAL/2021_2/Digitales_2/Proyecto/wp08-2021-2-gr-03/SoC_project/build/nexys4ddr/gateware/nexys4ddr.v:2347]
WARNING: [Synth 8-6014] Unused sequential element dig_2_re_reg was removed.  [/home/daniela/Documentos/UNAL/2021_2/Digitales_2/Proyecto/wp08-2021-2-gr-03/SoC_project/build/nexys4ddr/gateware/nexys4ddr.v:2351]
WARNING: [Synth 8-6014] Unused sequential element dig_3_re_reg was removed.  [/home/daniela/Documentos/UNAL/2021_2/Digitales_2/Proyecto/wp08-2021-2-gr-03/SoC_project/build/nexys4ddr/gateware/nexys4ddr.v:2355]
WARNING: [Synth 8-6014] Unused sequential element dig_4_re_reg was removed.  [/home/daniela/Documentos/UNAL/2021_2/Digitales_2/Proyecto/wp08-2021-2-gr-03/SoC_project/build/nexys4ddr/gateware/nexys4ddr.v:2359]
WARNING: [Synth 8-6014] Unused sequential element dig_5_re_reg was removed.  [/home/daniela/Documentos/UNAL/2021_2/Digitales_2/Proyecto/wp08-2021-2-gr-03/SoC_project/build/nexys4ddr/gateware/nexys4ddr.v:2363]
WARNING: [Synth 8-6014] Unused sequential element dig_6_re_reg was removed.  [/home/daniela/Documentos/UNAL/2021_2/Digitales_2/Proyecto/wp08-2021-2-gr-03/SoC_project/build/nexys4ddr/gateware/nexys4ddr.v:2367]
WARNING: [Synth 8-6014] Unused sequential element dig_7_re_reg was removed.  [/home/daniela/Documentos/UNAL/2021_2/Digitales_2/Proyecto/wp08-2021-2-gr-03/SoC_project/build/nexys4ddr/gateware/nexys4ddr.v:2371]
WARNING: [Synth 8-6014] Unused sequential element L_re_reg was removed.  [/home/daniela/Documentos/UNAL/2021_2/Digitales_2/Proyecto/wp08-2021-2-gr-03/SoC_project/build/nexys4ddr/gateware/nexys4ddr.v:2392]
WARNING: [Synth 8-6014] Unused sequential element LC_re_reg was removed.  [/home/daniela/Documentos/UNAL/2021_2/Digitales_2/Proyecto/wp08-2021-2-gr-03/SoC_project/build/nexys4ddr/gateware/nexys4ddr.v:2393]
WARNING: [Synth 8-6014] Unused sequential element C_re_reg was removed.  [/home/daniela/Documentos/UNAL/2021_2/Digitales_2/Proyecto/wp08-2021-2-gr-03/SoC_project/build/nexys4ddr/gateware/nexys4ddr.v:2394]
WARNING: [Synth 8-6014] Unused sequential element RC_re_reg was removed.  [/home/daniela/Documentos/UNAL/2021_2/Digitales_2/Proyecto/wp08-2021-2-gr-03/SoC_project/build/nexys4ddr/gateware/nexys4ddr.v:2395]
WARNING: [Synth 8-6014] Unused sequential element R_re_reg was removed.  [/home/daniela/Documentos/UNAL/2021_2/Digitales_2/Proyecto/wp08-2021-2-gr-03/SoC_project/build/nexys4ddr/gateware/nexys4ddr.v:2396]
WARNING: [Synth 8-6014] Unused sequential element ledRGB_1_r_enable_re_reg was removed.  [/home/daniela/Documentos/UNAL/2021_2/Digitales_2/Proyecto/wp08-2021-2-gr-03/SoC_project/build/nexys4ddr/gateware/nexys4ddr.v:2432]
WARNING: [Synth 8-6014] Unused sequential element ledRGB_1_r_width_re_reg was removed.  [/home/daniela/Documentos/UNAL/2021_2/Digitales_2/Proyecto/wp08-2021-2-gr-03/SoC_project/build/nexys4ddr/gateware/nexys4ddr.v:2436]
WARNING: [Synth 8-6014] Unused sequential element ledRGB_1_r_period_re_reg was removed.  [/home/daniela/Documentos/UNAL/2021_2/Digitales_2/Proyecto/wp08-2021-2-gr-03/SoC_project/build/nexys4ddr/gateware/nexys4ddr.v:2440]
WARNING: [Synth 8-6014] Unused sequential element ledRGB_1_g_enable_re_reg was removed.  [/home/daniela/Documentos/UNAL/2021_2/Digitales_2/Proyecto/wp08-2021-2-gr-03/SoC_project/build/nexys4ddr/gateware/nexys4ddr.v:2444]
WARNING: [Synth 8-6014] Unused sequential element ledRGB_1_g_width_re_reg was removed.  [/home/daniela/Documentos/UNAL/2021_2/Digitales_2/Proyecto/wp08-2021-2-gr-03/SoC_project/build/nexys4ddr/gateware/nexys4ddr.v:2448]
WARNING: [Synth 8-6014] Unused sequential element ledRGB_1_g_period_re_reg was removed.  [/home/daniela/Documentos/UNAL/2021_2/Digitales_2/Proyecto/wp08-2021-2-gr-03/SoC_project/build/nexys4ddr/gateware/nexys4ddr.v:2452]
WARNING: [Synth 8-6014] Unused sequential element ledRGB_1_b_enable_re_reg was removed.  [/home/daniela/Documentos/UNAL/2021_2/Digitales_2/Proyecto/wp08-2021-2-gr-03/SoC_project/build/nexys4ddr/gateware/nexys4ddr.v:2456]
WARNING: [Synth 8-6014] Unused sequential element ledRGB_1_b_width_re_reg was removed.  [/home/daniela/Documentos/UNAL/2021_2/Digitales_2/Proyecto/wp08-2021-2-gr-03/SoC_project/build/nexys4ddr/gateware/nexys4ddr.v:2460]
WARNING: [Synth 8-6014] Unused sequential element ledRGB_1_b_period_re_reg was removed.  [/home/daniela/Documentos/UNAL/2021_2/Digitales_2/Proyecto/wp08-2021-2-gr-03/SoC_project/build/nexys4ddr/gateware/nexys4ddr.v:2464]
WARNING: [Synth 8-6014] Unused sequential element ledRGB_2_r_enable_re_reg was removed.  [/home/daniela/Documentos/UNAL/2021_2/Digitales_2/Proyecto/wp08-2021-2-gr-03/SoC_project/build/nexys4ddr/gateware/nexys4ddr.v:2500]
WARNING: [Synth 8-6014] Unused sequential element ledRGB_2_r_width_re_reg was removed.  [/home/daniela/Documentos/UNAL/2021_2/Digitales_2/Proyecto/wp08-2021-2-gr-03/SoC_project/build/nexys4ddr/gateware/nexys4ddr.v:2504]
WARNING: [Synth 8-6014] Unused sequential element ledRGB_2_r_period_re_reg was removed.  [/home/daniela/Documentos/UNAL/2021_2/Digitales_2/Proyecto/wp08-2021-2-gr-03/SoC_project/build/nexys4ddr/gateware/nexys4ddr.v:2508]
WARNING: [Synth 8-6014] Unused sequential element ledRGB_2_g_enable_re_reg was removed.  [/home/daniela/Documentos/UNAL/2021_2/Digitales_2/Proyecto/wp08-2021-2-gr-03/SoC_project/build/nexys4ddr/gateware/nexys4ddr.v:2512]
WARNING: [Synth 8-6014] Unused sequential element ledRGB_2_g_width_re_reg was removed.  [/home/daniela/Documentos/UNAL/2021_2/Digitales_2/Proyecto/wp08-2021-2-gr-03/SoC_project/build/nexys4ddr/gateware/nexys4ddr.v:2516]
WARNING: [Synth 8-6014] Unused sequential element ledRGB_2_g_period_re_reg was removed.  [/home/daniela/Documentos/UNAL/2021_2/Digitales_2/Proyecto/wp08-2021-2-gr-03/SoC_project/build/nexys4ddr/gateware/nexys4ddr.v:2520]
WARNING: [Synth 8-6014] Unused sequential element ledRGB_2_b_enable_re_reg was removed.  [/home/daniela/Documentos/UNAL/2021_2/Digitales_2/Proyecto/wp08-2021-2-gr-03/SoC_project/build/nexys4ddr/gateware/nexys4ddr.v:2524]
WARNING: [Synth 8-6014] Unused sequential element ledRGB_2_b_width_re_reg was removed.  [/home/daniela/Documentos/UNAL/2021_2/Digitales_2/Proyecto/wp08-2021-2-gr-03/SoC_project/build/nexys4ddr/gateware/nexys4ddr.v:2528]
WARNING: [Synth 8-6014] Unused sequential element ledRGB_2_b_period_re_reg was removed.  [/home/daniela/Documentos/UNAL/2021_2/Digitales_2/Proyecto/wp08-2021-2-gr-03/SoC_project/build/nexys4ddr/gateware/nexys4ddr.v:2532]
WARNING: [Synth 8-6014] Unused sequential element leds_re_reg was removed.  [/home/daniela/Documentos/UNAL/2021_2/Digitales_2/Proyecto/wp08-2021-2-gr-03/SoC_project/build/nexys4ddr/gateware/nexys4ddr.v:2544]
WARNING: [Synth 8-6014] Unused sequential element mt_driver_re_reg was removed.  [/home/daniela/Documentos/UNAL/2021_2/Digitales_2/Proyecto/wp08-2021-2-gr-03/SoC_project/build/nexys4ddr/gateware/nexys4ddr.v:2556]
WARNING: [Synth 8-6014] Unused sequential element switchs_re_reg was removed.  [/home/daniela/Documentos/UNAL/2021_2/Digitales_2/Proyecto/wp08-2021-2-gr-03/SoC_project/build/nexys4ddr/gateware/nexys4ddr.v:2565]
WARNING: [Synth 8-6014] Unused sequential element timer_load_re_reg was removed.  [/home/daniela/Documentos/UNAL/2021_2/Digitales_2/Proyecto/wp08-2021-2-gr-03/SoC_project/build/nexys4ddr/gateware/nexys4ddr.v:2598]
WARNING: [Synth 8-6014] Unused sequential element timer_reload_re_reg was removed.  [/home/daniela/Documentos/UNAL/2021_2/Digitales_2/Proyecto/wp08-2021-2-gr-03/SoC_project/build/nexys4ddr/gateware/nexys4ddr.v:2602]
WARNING: [Synth 8-6014] Unused sequential element timer_en_re_reg was removed.  [/home/daniela/Documentos/UNAL/2021_2/Digitales_2/Proyecto/wp08-2021-2-gr-03/SoC_project/build/nexys4ddr/gateware/nexys4ddr.v:2606]
WARNING: [Synth 8-6014] Unused sequential element timer_value_re_reg was removed.  [/home/daniela/Documentos/UNAL/2021_2/Digitales_2/Proyecto/wp08-2021-2-gr-03/SoC_project/build/nexys4ddr/gateware/nexys4ddr.v:2611]
WARNING: [Synth 8-6014] Unused sequential element timer_status_re_reg was removed.  [/home/daniela/Documentos/UNAL/2021_2/Digitales_2/Proyecto/wp08-2021-2-gr-03/SoC_project/build/nexys4ddr/gateware/nexys4ddr.v:2612]
WARNING: [Synth 8-6014] Unused sequential element timer_enable_re_reg was removed.  [/home/daniela/Documentos/UNAL/2021_2/Digitales_2/Proyecto/wp08-2021-2-gr-03/SoC_project/build/nexys4ddr/gateware/nexys4ddr.v:2620]
WARNING: [Synth 8-6014] Unused sequential element uart_txfull_re_reg was removed.  [/home/daniela/Documentos/UNAL/2021_2/Digitales_2/Proyecto/wp08-2021-2-gr-03/SoC_project/build/nexys4ddr/gateware/nexys4ddr.v:2650]
WARNING: [Synth 8-6014] Unused sequential element uart_rxempty_re_reg was removed.  [/home/daniela/Documentos/UNAL/2021_2/Digitales_2/Proyecto/wp08-2021-2-gr-03/SoC_project/build/nexys4ddr/gateware/nexys4ddr.v:2651]
WARNING: [Synth 8-6014] Unused sequential element uart_status_re_reg was removed.  [/home/daniela/Documentos/UNAL/2021_2/Digitales_2/Proyecto/wp08-2021-2-gr-03/SoC_project/build/nexys4ddr/gateware/nexys4ddr.v:2652]
WARNING: [Synth 8-6014] Unused sequential element uart_enable_re_reg was removed.  [/home/daniela/Documentos/UNAL/2021_2/Digitales_2/Proyecto/wp08-2021-2-gr-03/SoC_project/build/nexys4ddr/gateware/nexys4ddr.v:2660]
WARNING: [Synth 8-6014] Unused sequential element uart_txempty_re_reg was removed.  [/home/daniela/Documentos/UNAL/2021_2/Digitales_2/Proyecto/wp08-2021-2-gr-03/SoC_project/build/nexys4ddr/gateware/nexys4ddr.v:2661]
WARNING: [Synth 8-6014] Unused sequential element uart_rxfull_re_reg was removed.  [/home/daniela/Documentos/UNAL/2021_2/Digitales_2/Proyecto/wp08-2021-2-gr-03/SoC_project/build/nexys4ddr/gateware/nexys4ddr.v:2662]
WARNING: [Synth 8-6014] Unused sequential element mem_adr_re_reg was removed.  [/home/daniela/Documentos/UNAL/2021_2/Digitales_2/Proyecto/wp08-2021-2-gr-03/SoC_project/build/nexys4ddr/gateware/nexys4ddr.v:2683]
WARNING: [Synth 8-6014] Unused sequential element mem_we_re_reg was removed.  [/home/daniela/Documentos/UNAL/2021_2/Digitales_2/Proyecto/wp08-2021-2-gr-03/SoC_project/build/nexys4ddr/gateware/nexys4ddr.v:2687]
WARNING: [Synth 8-6014] Unused sequential element mem_data_w_re_reg was removed.  [/home/daniela/Documentos/UNAL/2021_2/Digitales_2/Proyecto/wp08-2021-2-gr-03/SoC_project/build/nexys4ddr/gateware/nexys4ddr.v:2691]
WARNING: [Synth 8-6014] Unused sequential element mem_data_r_re_reg was removed.  [/home/daniela/Documentos/UNAL/2021_2/Digitales_2/Proyecto/wp08-2021-2-gr-03/SoC_project/build/nexys4ddr/gateware/nexys4ddr.v:2692]
WARNING: [Synth 8-6014] Unused sequential element storage_dat0_reg was removed.  [/home/daniela/Documentos/UNAL/2021_2/Digitales_2/Proyecto/wp08-2021-2-gr-03/SoC_project/build/nexys4ddr/gateware/nexys4ddr.v:2910]
WARNING: [Synth 8-6014] Unused sequential element storage_1_dat0_reg was removed.  [/home/daniela/Documentos/UNAL/2021_2/Digitales_2/Proyecto/wp08-2021-2-gr-03/SoC_project/build/nexys4ddr/gateware/nexys4ddr.v:2931]
INFO: [Synth 8-6155] done synthesizing module 'nexys4ddr' (6#1) [/home/daniela/Documentos/UNAL/2021_2/Digitales_2/Proyecto/wp08-2021-2-gr-03/SoC_project/build/nexys4ddr/gateware/nexys4ddr.v:20]
WARNING: [Synth 8-3331] design DataCache has unconnected port io_cpu_writeBack_exclusiveOk
WARNING: [Synth 8-3331] design DataCache has unconnected port io_cpu_execute_address[31]
WARNING: [Synth 8-3331] design DataCache has unconnected port io_cpu_execute_address[30]
WARNING: [Synth 8-3331] design DataCache has unconnected port io_cpu_execute_address[29]
WARNING: [Synth 8-3331] design DataCache has unconnected port io_cpu_execute_address[28]
WARNING: [Synth 8-3331] design DataCache has unconnected port io_cpu_execute_address[27]
WARNING: [Synth 8-3331] design DataCache has unconnected port io_cpu_execute_address[26]
WARNING: [Synth 8-3331] design DataCache has unconnected port io_cpu_execute_address[25]
WARNING: [Synth 8-3331] design DataCache has unconnected port io_cpu_execute_address[24]
WARNING: [Synth 8-3331] design DataCache has unconnected port io_cpu_execute_address[23]
WARNING: [Synth 8-3331] design DataCache has unconnected port io_cpu_execute_address[22]
WARNING: [Synth 8-3331] design DataCache has unconnected port io_cpu_execute_address[21]
WARNING: [Synth 8-3331] design DataCache has unconnected port io_cpu_execute_address[20]
WARNING: [Synth 8-3331] design DataCache has unconnected port io_cpu_execute_address[19]
WARNING: [Synth 8-3331] design DataCache has unconnected port io_cpu_execute_address[18]
WARNING: [Synth 8-3331] design DataCache has unconnected port io_cpu_execute_address[17]
WARNING: [Synth 8-3331] design DataCache has unconnected port io_cpu_execute_address[16]
WARNING: [Synth 8-3331] design DataCache has unconnected port io_cpu_execute_address[15]
WARNING: [Synth 8-3331] design DataCache has unconnected port io_cpu_execute_address[14]
WARNING: [Synth 8-3331] design DataCache has unconnected port io_cpu_execute_address[13]
WARNING: [Synth 8-3331] design DataCache has unconnected port io_cpu_execute_address[12]
WARNING: [Synth 8-3331] design DataCache has unconnected port io_cpu_execute_args_totalyConsistent
WARNING: [Synth 8-3331] design DataCache has unconnected port io_cpu_memory_address[31]
WARNING: [Synth 8-3331] design DataCache has unconnected port io_cpu_memory_address[30]
WARNING: [Synth 8-3331] design DataCache has unconnected port io_cpu_memory_address[29]
WARNING: [Synth 8-3331] design DataCache has unconnected port io_cpu_memory_address[28]
WARNING: [Synth 8-3331] design DataCache has unconnected port io_cpu_memory_address[27]
WARNING: [Synth 8-3331] design DataCache has unconnected port io_cpu_memory_address[26]
WARNING: [Synth 8-3331] design DataCache has unconnected port io_cpu_memory_address[25]
WARNING: [Synth 8-3331] design DataCache has unconnected port io_cpu_memory_address[24]
WARNING: [Synth 8-3331] design DataCache has unconnected port io_cpu_memory_address[23]
WARNING: [Synth 8-3331] design DataCache has unconnected port io_cpu_memory_address[22]
WARNING: [Synth 8-3331] design DataCache has unconnected port io_cpu_memory_address[21]
WARNING: [Synth 8-3331] design DataCache has unconnected port io_cpu_memory_address[20]
WARNING: [Synth 8-3331] design DataCache has unconnected port io_cpu_memory_address[19]
WARNING: [Synth 8-3331] design DataCache has unconnected port io_cpu_memory_address[18]
WARNING: [Synth 8-3331] design DataCache has unconnected port io_cpu_memory_address[17]
WARNING: [Synth 8-3331] design DataCache has unconnected port io_cpu_memory_address[16]
WARNING: [Synth 8-3331] design DataCache has unconnected port io_cpu_memory_address[15]
WARNING: [Synth 8-3331] design DataCache has unconnected port io_cpu_memory_address[14]
WARNING: [Synth 8-3331] design DataCache has unconnected port io_cpu_memory_address[13]
WARNING: [Synth 8-3331] design DataCache has unconnected port io_cpu_memory_address[12]
WARNING: [Synth 8-3331] design DataCache has unconnected port io_cpu_memory_mmuRsp_allowExecute
WARNING: [Synth 8-3331] design DataCache has unconnected port io_cpu_memory_mmuRsp_bypassTranslation
WARNING: [Synth 8-3331] design DataCache has unconnected port io_cpu_writeBack_isUser
WARNING: [Synth 8-3331] design DataCache has unconnected port io_cpu_writeBack_address[31]
WARNING: [Synth 8-3331] design DataCache has unconnected port io_cpu_writeBack_address[30]
WARNING: [Synth 8-3331] design DataCache has unconnected port io_cpu_writeBack_address[29]
WARNING: [Synth 8-3331] design DataCache has unconnected port io_cpu_writeBack_address[28]
WARNING: [Synth 8-3331] design DataCache has unconnected port io_cpu_writeBack_address[27]
WARNING: [Synth 8-3331] design DataCache has unconnected port io_cpu_writeBack_address[26]
WARNING: [Synth 8-3331] design DataCache has unconnected port io_cpu_writeBack_address[25]
WARNING: [Synth 8-3331] design DataCache has unconnected port io_cpu_writeBack_address[24]
WARNING: [Synth 8-3331] design DataCache has unconnected port io_cpu_writeBack_address[23]
WARNING: [Synth 8-3331] design DataCache has unconnected port io_cpu_writeBack_address[22]
WARNING: [Synth 8-3331] design DataCache has unconnected port io_cpu_writeBack_address[21]
WARNING: [Synth 8-3331] design DataCache has unconnected port io_cpu_writeBack_address[20]
WARNING: [Synth 8-3331] design DataCache has unconnected port io_cpu_writeBack_address[19]
WARNING: [Synth 8-3331] design DataCache has unconnected port io_cpu_writeBack_address[18]
WARNING: [Synth 8-3331] design DataCache has unconnected port io_cpu_writeBack_address[17]
WARNING: [Synth 8-3331] design DataCache has unconnected port io_cpu_writeBack_address[16]
WARNING: [Synth 8-3331] design DataCache has unconnected port io_cpu_writeBack_address[15]
WARNING: [Synth 8-3331] design DataCache has unconnected port io_cpu_writeBack_address[14]
WARNING: [Synth 8-3331] design DataCache has unconnected port io_cpu_writeBack_address[13]
WARNING: [Synth 8-3331] design DataCache has unconnected port io_cpu_writeBack_address[12]
WARNING: [Synth 8-3331] design DataCache has unconnected port io_cpu_writeBack_address[11]
WARNING: [Synth 8-3331] design DataCache has unconnected port io_cpu_writeBack_address[10]
WARNING: [Synth 8-3331] design DataCache has unconnected port io_cpu_writeBack_address[9]
WARNING: [Synth 8-3331] design DataCache has unconnected port io_cpu_writeBack_address[8]
WARNING: [Synth 8-3331] design DataCache has unconnected port io_cpu_writeBack_address[7]
WARNING: [Synth 8-3331] design DataCache has unconnected port io_cpu_writeBack_address[6]
WARNING: [Synth 8-3331] design DataCache has unconnected port io_cpu_writeBack_address[5]
WARNING: [Synth 8-3331] design DataCache has unconnected port io_cpu_writeBack_address[4]
WARNING: [Synth 8-3331] design DataCache has unconnected port io_cpu_writeBack_address[3]
WARNING: [Synth 8-3331] design DataCache has unconnected port io_cpu_writeBack_address[2]
WARNING: [Synth 8-3331] design DataCache has unconnected port io_cpu_writeBack_address[1]
WARNING: [Synth 8-3331] design DataCache has unconnected port io_cpu_writeBack_address[0]
WARNING: [Synth 8-3331] design DataCache has unconnected port io_cpu_writeBack_fence_SW
WARNING: [Synth 8-3331] design DataCache has unconnected port io_cpu_writeBack_fence_SR
WARNING: [Synth 8-3331] design DataCache has unconnected port io_cpu_writeBack_fence_SO
WARNING: [Synth 8-3331] design DataCache has unconnected port io_cpu_writeBack_fence_SI
WARNING: [Synth 8-3331] design DataCache has unconnected port io_cpu_writeBack_fence_PW
WARNING: [Synth 8-3331] design DataCache has unconnected port io_cpu_writeBack_fence_PR
WARNING: [Synth 8-3331] design DataCache has unconnected port io_cpu_writeBack_fence_PO
WARNING: [Synth 8-3331] design DataCache has unconnected port io_cpu_writeBack_fence_PI
WARNING: [Synth 8-3331] design DataCache has unconnected port io_cpu_writeBack_fence_FM[3]
WARNING: [Synth 8-3331] design DataCache has unconnected port io_cpu_writeBack_fence_FM[2]
WARNING: [Synth 8-3331] design DataCache has unconnected port io_cpu_writeBack_fence_FM[1]
WARNING: [Synth 8-3331] design DataCache has unconnected port io_cpu_writeBack_fence_FM[0]
WARNING: [Synth 8-3331] design DataCache has unconnected port io_mem_rsp_payload_last
WARNING: [Synth 8-3331] design InstructionCache has unconnected port io_cpu_prefetch_isValid
WARNING: [Synth 8-3331] design InstructionCache has unconnected port io_cpu_prefetch_pc[31]
WARNING: [Synth 8-3331] design InstructionCache has unconnected port io_cpu_prefetch_pc[30]
WARNING: [Synth 8-3331] design InstructionCache has unconnected port io_cpu_prefetch_pc[29]
WARNING: [Synth 8-3331] design InstructionCache has unconnected port io_cpu_prefetch_pc[28]
WARNING: [Synth 8-3331] design InstructionCache has unconnected port io_cpu_prefetch_pc[27]
WARNING: [Synth 8-3331] design InstructionCache has unconnected port io_cpu_prefetch_pc[26]
WARNING: [Synth 8-3331] design InstructionCache has unconnected port io_cpu_prefetch_pc[25]
WARNING: [Synth 8-3331] design InstructionCache has unconnected port io_cpu_prefetch_pc[24]
WARNING: [Synth 8-3331] design InstructionCache has unconnected port io_cpu_prefetch_pc[23]
INFO: [Common 17-14] Message 'Synth 8-3331' appears 100 times and further instances of the messages will be disabled. Use the Tcl command set_msg_config to change the current settings.
---------------------------------------------------------------------------------
Finished RTL Elaboration : Time (s): cpu = 00:00:31 ; elapsed = 00:00:41 . Memory (MB): peak = 2011.301 ; gain = 337.719 ; free physical = 270 ; free virtual = 2341
---------------------------------------------------------------------------------

Report Check Netlist: 
+------+------------------+-------+---------+-------+------------------+
|      |Item              |Errors |Warnings |Status |Description       |
+------+------------------+-------+---------+-------+------------------+
|1     |multi_driven_nets |      0|        0|Passed |Multi driven nets |
+------+------------------+-------+---------+-------+------------------+
---------------------------------------------------------------------------------
Start Handling Custom Attributes
---------------------------------------------------------------------------------
---------------------------------------------------------------------------------
Finished Handling Custom Attributes : Time (s): cpu = 00:00:35 ; elapsed = 00:00:46 . Memory (MB): peak = 2011.301 ; gain = 337.719 ; free physical = 314 ; free virtual = 2378
---------------------------------------------------------------------------------
---------------------------------------------------------------------------------
Finished RTL Optimization Phase 1 : Time (s): cpu = 00:00:35 ; elapsed = 00:00:46 . Memory (MB): peak = 2011.301 ; gain = 337.719 ; free physical = 314 ; free virtual = 2377
---------------------------------------------------------------------------------
Netlist sorting complete. Time (s): cpu = 00:00:00.38 ; elapsed = 00:00:00.40 . Memory (MB): peak = 2011.301 ; gain = 0.000 ; free physical = 302 ; free virtual = 2372
INFO: [Project 1-570] Preparing netlist for logic optimization

Processing XDC Constraints
Initializing timing engine
Parsing XDC File [/home/daniela/Documentos/UNAL/2021_2/Digitales_2/Proyecto/wp08-2021-2-gr-03/SoC_project/build/nexys4ddr/gateware/nexys4ddr.xdc]
WARNING: [Vivado 12-180] No cells matched 'get_cells -hierarchical -filter {ars_ff1 == TRUE || ars_ff2 == TRUE}'. [/home/daniela/Documentos/UNAL/2021_2/Digitales_2/Proyecto/wp08-2021-2-gr-03/SoC_project/build/nexys4ddr/gateware/nexys4ddr.xdc:282]
WARNING: [Vivado 12-508] No pins matched 'get_pins -filter {REF_PIN_NAME == PRE} -of_objects [get_cells -hierarchical -filter {ars_ff1 == TRUE || ars_ff2 == TRUE}]'. [/home/daniela/Documentos/UNAL/2021_2/Digitales_2/Proyecto/wp08-2021-2-gr-03/SoC_project/build/nexys4ddr/gateware/nexys4ddr.xdc:282]
WARNING: [Vivado 12-180] No cells matched 'get_cells -hierarchical -filter {ars_ff1 == TRUE}'. [/home/daniela/Documentos/UNAL/2021_2/Digitales_2/Proyecto/wp08-2021-2-gr-03/SoC_project/build/nexys4ddr/gateware/nexys4ddr.xdc:284]
WARNING: [Vivado 12-508] No pins matched 'get_pins -filter {REF_PIN_NAME == C} -of_objects [get_cells -hierarchical -filter {ars_ff1 == TRUE}]'. [/home/daniela/Documentos/UNAL/2021_2/Digitales_2/Proyecto/wp08-2021-2-gr-03/SoC_project/build/nexys4ddr/gateware/nexys4ddr.xdc:284]
WARNING: [Vivado 12-180] No cells matched 'get_cells -hierarchical -filter {ars_ff2 == TRUE}'. [/home/daniela/Documentos/UNAL/2021_2/Digitales_2/Proyecto/wp08-2021-2-gr-03/SoC_project/build/nexys4ddr/gateware/nexys4ddr.xdc:284]
WARNING: [Vivado 12-508] No pins matched 'get_pins -filter {REF_PIN_NAME == D} -of_objects [get_cells -hierarchical -filter {ars_ff2 == TRUE}]'. [/home/daniela/Documentos/UNAL/2021_2/Digitales_2/Proyecto/wp08-2021-2-gr-03/SoC_project/build/nexys4ddr/gateware/nexys4ddr.xdc:284]
Finished Parsing XDC File [/home/daniela/Documentos/UNAL/2021_2/Digitales_2/Proyecto/wp08-2021-2-gr-03/SoC_project/build/nexys4ddr/gateware/nexys4ddr.xdc]
INFO: [Project 1-236] Implementation specific constraints were found while reading constraint file [/home/daniela/Documentos/UNAL/2021_2/Digitales_2/Proyecto/wp08-2021-2-gr-03/SoC_project/build/nexys4ddr/gateware/nexys4ddr.xdc]. These constraints will be ignored for synthesis but will be used in implementation. Impacted constraints are listed in the file [.Xil/nexys4ddr_propImpl.xdc].
Resolution: To avoid this warning, move constraints listed in [.Xil/nexys4ddr_propImpl.xdc] to another XDC file and exclude this new file from synthesis with the used_in_synthesis property (File Properties dialog in GUI) and re-run elaboration/synthesis.
Completed Processing XDC Constraints

Netlist sorting complete. Time (s): cpu = 00:00:00.01 ; elapsed = 00:00:00 . Memory (MB): peak = 2107.098 ; gain = 0.000 ; free physical = 166 ; free virtual = 2264
INFO: [Project 1-111] Unisim Transformation Summary:
No Unisim elements were transformed.

Constraint Validation Runtime : Time (s): cpu = 00:00:00.07 ; elapsed = 00:00:00.09 . Memory (MB): peak = 2107.098 ; gain = 0.000 ; free physical = 165 ; free virtual = 2264
---------------------------------------------------------------------------------
Finished Constraint Validation : Time (s): cpu = 00:01:03 ; elapsed = 00:01:22 . Memory (MB): peak = 2107.098 ; gain = 433.516 ; free physical = 257 ; free virtual = 2348
---------------------------------------------------------------------------------
---------------------------------------------------------------------------------
Start Loading Part and Timing Information
---------------------------------------------------------------------------------
Loading part: xc7a100tcsg324-1
---------------------------------------------------------------------------------
Finished Loading Part and Timing Information : Time (s): cpu = 00:01:03 ; elapsed = 00:01:22 . Memory (MB): peak = 2107.098 ; gain = 433.516 ; free physical = 257 ; free virtual = 2348
---------------------------------------------------------------------------------
---------------------------------------------------------------------------------
Start Applying 'set_property' XDC Constraints
---------------------------------------------------------------------------------
---------------------------------------------------------------------------------
Finished applying 'set_property' XDC Constraints : Time (s): cpu = 00:01:04 ; elapsed = 00:01:23 . Memory (MB): peak = 2107.098 ; gain = 433.516 ; free physical = 267 ; free virtual = 2359
---------------------------------------------------------------------------------
WARNING: [Synth 8-3936] Found unconnected internal register 'memory_to_writeBack_INSTRUCTION_reg' and it is trimmed from '32' to '30' bits. [/opt/litex/pythondata-cpu-vexriscv/pythondata_cpu_vexriscv/verilog/VexRiscv.v:2725]
WARNING: [Synth 8-3936] Found unconnected internal register 'execute_to_memory_INSTRUCTION_reg' and it is trimmed from '32' to '30' bits. [/opt/litex/pythondata-cpu-vexriscv/pythondata_cpu_vexriscv/verilog/VexRiscv.v:2530]
INFO: [Synth 8-5818] HDL ADVISOR - The operator resource <adder> is shared. To prevent sharing consider applying a KEEP on the output of the operator [/home/daniela/Documentos/UNAL/2021_2/Digitales_2/Proyecto/wp08-2021-2-gr-03/SoC_project/build/nexys4ddr/gateware/nexys4ddr.v:1048]
INFO: [Synth 8-5818] HDL ADVISOR - The operator resource <adder> is shared. To prevent sharing consider applying a KEEP on the output of the operator [/home/daniela/Documentos/UNAL/2021_2/Digitales_2/Proyecto/wp08-2021-2-gr-03/SoC_project/build/nexys4ddr/gateware/nexys4ddr.v:1018]
WARNING: [Synth 8-3936] Found unconnected internal register 'storage_dat1_reg' and it is trimmed from '10' to '8' bits. [/home/daniela/Documentos/UNAL/2021_2/Digitales_2/Proyecto/wp08-2021-2-gr-03/SoC_project/build/nexys4ddr/gateware/nexys4ddr.v:2914]
WARNING: [Synth 8-3936] Found unconnected internal register 'storage_1_dat1_reg' and it is trimmed from '10' to '8' bits. [/home/daniela/Documentos/UNAL/2021_2/Digitales_2/Proyecto/wp08-2021-2-gr-03/SoC_project/build/nexys4ddr/gateware/nexys4ddr.v:2935]
INFO: [Synth 8-6430] The Block RAM "nexys4ddr/mem_3_reg" may get memory collision error if read and write address collide. Use attribute (* rw_addr_collision= "yes" *) to avoid collision 
---------------------------------------------------------------------------------
Finished RTL Optimization Phase 2 : Time (s): cpu = 00:01:15 ; elapsed = 00:01:35 . Memory (MB): peak = 2107.098 ; gain = 433.516 ; free physical = 200 ; free virtual = 2321
---------------------------------------------------------------------------------

Report RTL Partitions: 
+-+--------------+------------+----------+
| |RTL Partition |Replication |Instances |
+-+--------------+------------+----------+
+-+--------------+------------+----------+
---------------------------------------------------------------------------------
Start RTL Component Statistics 
---------------------------------------------------------------------------------
Detailed RTL Component Info : 
+---Adders : 
	   2 Input     64 Bit       Adders := 1     
	   3 Input     52 Bit       Adders := 1     
	   2 Input     33 Bit       Adders := 3     
	   3 Input     33 Bit       Adders := 1     
	   2 Input     32 Bit       Adders := 12    
	   3 Input     32 Bit       Adders := 1     
	   2 Input     10 Bit       Adders := 4     
	   2 Input      8 Bit       Adders := 2     
	   2 Input      6 Bit       Adders := 1     
	   2 Input      5 Bit       Adders := 2     
	   2 Input      4 Bit       Adders := 9     
	   2 Input      3 Bit       Adders := 5     
	   2 Input      2 Bit       Adders := 1     
	   2 Input      1 Bit       Adders := 1     
+---XORs : 
	   2 Input     32 Bit         XORs := 1     
	   2 Input      1 Bit         XORs := 2     
+---Registers : 
	               65 Bit    Registers := 1     
	               52 Bit    Registers := 1     
	               34 Bit    Registers := 1     
	               33 Bit    Registers := 1     
	               32 Bit    Registers := 66    
	               30 Bit    Registers := 3     
	               22 Bit    Registers := 2     
	               19 Bit    Registers := 2     
	               12 Bit    Registers := 1     
	               11 Bit    Registers := 1     
	               10 Bit    Registers := 3     
	                8 Bit    Registers := 21    
	                6 Bit    Registers := 1     
	                5 Bit    Registers := 4     
	                4 Bit    Registers := 15    
	                3 Bit    Registers := 11    
	                2 Bit    Registers := 18    
	                1 Bit    Registers := 156   
+---RAMs : 
	            3600K Bit         RAMs := 1     
	             128K Bit         RAMs := 1     
	              64K Bit         RAMs := 1     
	              32K Bit         RAMs := 1     
	               8K Bit         RAMs := 4     
	               2K Bit         RAMs := 2     
	             1024 Bit         RAMs := 1     
	              160 Bit         RAMs := 2     
+---ROMs : 
	                              ROMs := 1     
+---Muxes : 
	   2 Input     33 Bit        Muxes := 3     
	   2 Input     32 Bit        Muxes := 96    
	   3 Input     32 Bit        Muxes := 3     
	   4 Input     32 Bit        Muxes := 4     
	   2 Input     30 Bit        Muxes := 1     
	   2 Input     25 Bit        Muxes := 1     
	   2 Input     19 Bit        Muxes := 1     
	   4 Input     19 Bit        Muxes := 1     
	   2 Input     14 Bit        Muxes := 2     
	   2 Input     10 Bit        Muxes := 1     
	   4 Input      8 Bit        Muxes := 1     
	   2 Input      8 Bit        Muxes := 13    
	   5 Input      8 Bit        Muxes := 1     
	   3 Input      8 Bit        Muxes := 2     
	   2 Input      7 Bit        Muxes := 3     
	   2 Input      5 Bit        Muxes := 3     
	   6 Input      4 Bit        Muxes := 2     
	   4 Input      4 Bit        Muxes := 3     
	   2 Input      4 Bit        Muxes := 8     
	   5 Input      4 Bit        Muxes := 1     
	   3 Input      4 Bit        Muxes := 1     
	   2 Input      3 Bit        Muxes := 8     
	   3 Input      3 Bit        Muxes := 1     
	   2 Input      2 Bit        Muxes := 8     
	   2 Input      1 Bit        Muxes := 163   
	   3 Input      1 Bit        Muxes := 2     
	   4 Input      1 Bit        Muxes := 2     
---------------------------------------------------------------------------------
Finished RTL Component Statistics 
---------------------------------------------------------------------------------
---------------------------------------------------------------------------------
Start RTL Hierarchical Component Statistics 
---------------------------------------------------------------------------------
Hierarchical RTL Component report 
Module nexys4ddr 
Detailed RTL Component Info : 
+---Adders : 
	   2 Input     33 Bit       Adders := 2     
	   2 Input     32 Bit       Adders := 7     
	   2 Input     10 Bit       Adders := 4     
	   2 Input      5 Bit       Adders := 2     
	   2 Input      4 Bit       Adders := 8     
	   2 Input      3 Bit       Adders := 1     
	   2 Input      2 Bit       Adders := 1     
+---Registers : 
	               32 Bit    Registers := 30    
	               19 Bit    Registers := 2     
	               12 Bit    Registers := 1     
	               11 Bit    Registers := 1     
	               10 Bit    Registers := 3     
	                8 Bit    Registers := 15    
	                5 Bit    Registers := 3     
	                4 Bit    Registers := 7     
	                3 Bit    Registers := 5     
	                2 Bit    Registers := 4     
	                1 Bit    Registers := 45    
+---RAMs : 
	            3600K Bit         RAMs := 1     
	             128K Bit         RAMs := 1     
	              64K Bit         RAMs := 1     
	              160 Bit         RAMs := 2     
+---ROMs : 
	                              ROMs := 1     
+---Muxes : 
	   2 Input     32 Bit        Muxes := 24    
	   4 Input     32 Bit        Muxes := 1     
	   2 Input     30 Bit        Muxes := 1     
	   2 Input     19 Bit        Muxes := 1     
	   4 Input     19 Bit        Muxes := 1     
	   2 Input     14 Bit        Muxes := 2     
	   5 Input      8 Bit        Muxes := 1     
	   2 Input      8 Bit        Muxes := 12    
	   3 Input      8 Bit        Muxes := 2     
	   2 Input      7 Bit        Muxes := 1     
	   2 Input      4 Bit        Muxes := 1     
	   2 Input      3 Bit        Muxes := 1     
	   2 Input      2 Bit        Muxes := 2     
	   2 Input      1 Bit        Muxes := 47    
Module motores 
Detailed RTL Component Info : 
+---Registers : 
	                4 Bit    Registers := 1     
+---Muxes : 
	   6 Input      4 Bit        Muxes := 1     
Module InstructionCache 
Detailed RTL Component Info : 
+---Adders : 
	   2 Input      8 Bit       Adders := 1     
	   2 Input      3 Bit       Adders := 1     
+---Registers : 
	               32 Bit    Registers := 4     
	               22 Bit    Registers := 1     
	                8 Bit    Registers := 1     
	                3 Bit    Registers := 1     
	                1 Bit    Registers := 11    
+---RAMs : 
	              32K Bit         RAMs := 1     
	               2K Bit         RAMs := 1     
+---Muxes : 
	   2 Input      7 Bit        Muxes := 1     
	   2 Input      1 Bit        Muxes := 6     
Module DataCache 
Detailed RTL Component Info : 
+---Adders : 
	   2 Input      8 Bit       Adders := 1     
	   2 Input      3 Bit       Adders := 1     
+---Registers : 
	               32 Bit    Registers := 2     
	               22 Bit    Registers := 1     
	                8 Bit    Registers := 5     
	                4 Bit    Registers := 2     
	                3 Bit    Registers := 1     
	                2 Bit    Registers := 2     
	                1 Bit    Registers := 23    
+---RAMs : 
	               8K Bit         RAMs := 4     
	               2K Bit         RAMs := 1     
+---Muxes : 
	   2 Input     32 Bit        Muxes := 2     
	   2 Input     10 Bit        Muxes := 1     
	   2 Input      7 Bit        Muxes := 1     
	   2 Input      5 Bit        Muxes := 3     
	   4 Input      4 Bit        Muxes := 1     
	   2 Input      4 Bit        Muxes := 1     
	   2 Input      3 Bit        Muxes := 3     
	   2 Input      1 Bit        Muxes := 19    
Module VexRiscv 
Detailed RTL Component Info : 
+---Adders : 
	   2 Input     64 Bit       Adders := 1     
	   3 Input     52 Bit       Adders := 1     
	   2 Input     33 Bit       Adders := 1     
	   3 Input     33 Bit       Adders := 1     
	   2 Input     32 Bit       Adders := 5     
	   3 Input     32 Bit       Adders := 1     
	   2 Input      6 Bit       Adders := 1     
	   2 Input      4 Bit       Adders := 1     
	   2 Input      3 Bit       Adders := 2     
	   2 Input      1 Bit       Adders := 1     
+---XORs : 
	   2 Input     32 Bit         XORs := 1     
	   2 Input      1 Bit         XORs := 2     
+---Registers : 
	               65 Bit    Registers := 1     
	               52 Bit    Registers := 1     
	               34 Bit    Registers := 1     
	               33 Bit    Registers := 1     
	               32 Bit    Registers := 30    
	               30 Bit    Registers := 3     
	                6 Bit    Registers := 1     
	                5 Bit    Registers := 1     
	                4 Bit    Registers := 5     
	                3 Bit    Registers := 4     
	                2 Bit    Registers := 12    
	                1 Bit    Registers := 77    
+---RAMs : 
	             1024 Bit         RAMs := 1     
+---Muxes : 
	   2 Input     33 Bit        Muxes := 3     
	   2 Input     32 Bit        Muxes := 70    
	   3 Input     32 Bit        Muxes := 3     
	   4 Input     32 Bit        Muxes := 3     
	   2 Input     25 Bit        Muxes := 1     
	   4 Input      8 Bit        Muxes := 1     
	   2 Input      8 Bit        Muxes := 1     
	   2 Input      4 Bit        Muxes := 6     
	   4 Input      4 Bit        Muxes := 2     
	   5 Input      4 Bit        Muxes := 1     
	   6 Input      4 Bit        Muxes := 1     
	   3 Input      4 Bit        Muxes := 1     
	   2 Input      3 Bit        Muxes := 4     
	   3 Input      3 Bit        Muxes := 1     
	   2 Input      2 Bit        Muxes := 6     
	   2 Input      1 Bit        Muxes := 91    
	   3 Input      1 Bit        Muxes := 2     
	   4 Input      1 Bit        Muxes := 2     
---------------------------------------------------------------------------------
Finished RTL Hierarchical Component Statistics
---------------------------------------------------------------------------------
---------------------------------------------------------------------------------
Start Part Resource Summary
---------------------------------------------------------------------------------
Part Resources:
DSPs: 240 (col length:80)
BRAMs: 270 (col length: RAMB18 80 RAMB36 40)
---------------------------------------------------------------------------------
Finished Part Resource Summary
---------------------------------------------------------------------------------
---------------------------------------------------------------------------------
Start Cross Boundary and Area Optimization
---------------------------------------------------------------------------------
Warning: Parallel synthesis criteria is not met 
INFO: [Synth 8-4471] merging register 'decode_to_execute_IS_RS1_SIGNED_reg' into 'decode_to_execute_IS_RS2_SIGNED_reg' [/opt/litex/pythondata-cpu-vexriscv/pythondata_cpu_vexriscv/verilog/VexRiscv.v:2495]
WARNING: [Synth 8-3936] Found unconnected internal register 'memory_to_writeBack_MUL_HH_reg' and it is trimmed from '34' to '32' bits. [/opt/litex/pythondata-cpu-vexriscv/pythondata_cpu_vexriscv/verilog/VexRiscv.v:2500]
DSP Report: Generating DSP memory_to_writeBack_MUL_HH_reg, operation Mode is: (A*B)'.
DSP Report: register memory_to_writeBack_MUL_HH_reg is absorbed into DSP memory_to_writeBack_MUL_HH_reg.
DSP Report: register execute_to_memory_MUL_HH_reg is absorbed into DSP memory_to_writeBack_MUL_HH_reg.
DSP Report: operator execute_MUL_HH is absorbed into DSP memory_to_writeBack_MUL_HH_reg.
DSP Report: Generating DSP execute_to_memory_MUL_LH_reg, operation Mode is: (A*B)'.
DSP Report: register execute_to_memory_MUL_LH_reg is absorbed into DSP execute_to_memory_MUL_LH_reg.
DSP Report: operator execute_MUL_LH is absorbed into DSP execute_to_memory_MUL_LH_reg.
DSP Report: Generating DSP execute_to_memory_MUL_HL_reg, operation Mode is: (A*B)'.
DSP Report: register execute_to_memory_MUL_HL_reg is absorbed into DSP execute_to_memory_MUL_HL_reg.
DSP Report: operator execute_MUL_HL is absorbed into DSP execute_to_memory_MUL_HL_reg.
DSP Report: Generating DSP execute_to_memory_MUL_LL_reg, operation Mode is: (A*B)'.
DSP Report: register execute_to_memory_MUL_LL_reg is absorbed into DSP execute_to_memory_MUL_LL_reg.
DSP Report: operator execute_MUL_LL is absorbed into DSP execute_to_memory_MUL_LL_reg.
INFO: [Synth 8-4471] merging register 'v_count_reg[9:0]' into 'v_count_reg[9:0]' [/home/daniela/Documentos/UNAL/2021_2/Digitales_2/Proyecto/wp08-2021-2-gr-03/SoC_project/build/nexys4ddr/gateware/nexys4ddr.v:1095]
INFO: [Synth 8-4471] merging register 'h_count_reg[9:0]' into 'h_count_reg[9:0]' [/home/daniela/Documentos/UNAL/2021_2/Digitales_2/Proyecto/wp08-2021-2-gr-03/SoC_project/build/nexys4ddr/gateware/nexys4ddr.v:1094]
DSP Report: Generating DSP p_r_adr_reg, operation Mode is: C'+A2*(B:0x280).
DSP Report: register v_count_reg is absorbed into DSP p_r_adr_reg.
DSP Report: register h_count_reg is absorbed into DSP p_r_adr_reg.
DSP Report: register p_r_adr_reg is absorbed into DSP p_r_adr_reg.
DSP Report: operator p_r_adr0 is absorbed into DSP p_r_adr_reg.
DSP Report: operator p_r_adr1 is absorbed into DSP p_r_adr_reg.
INFO: [Synth 8-4652] Swapped enable and write-enable on 1 RAM instances of RAM banks_0_reg to conserve power
INFO: [Synth 8-3971] The signal "VexRiscv/RegFilePlugin_regFile_reg" was recognized as a true dual port RAM template.
RAM Pipeline Warning: Read Address Register Found For RAM mem_3_reg. We will not be able to pipeline it. This may degrade performance. 
RAM Pipeline Warning: Read Address Register Found For RAM mem_3_reg. We will not be able to pipeline it. This may degrade performance. 
INFO: [Synth 8-6430] The Block RAM "nexys4ddr/mem_3_reg" may get memory collision error if read and write address collide. Use attribute (* rw_addr_collision= "yes" *) to avoid collision 
RAM Pipeline Warning: Read Address Register Found For RAM mem_1_reg. We will not be able to pipeline it. This may degrade performance. 
RAM Pipeline Warning: Read Address Register Found For RAM mem_1_reg. We will not be able to pipeline it. This may degrade performance. 
RAM Pipeline Warning: Read Address Register Found For RAM mem_2_reg. We will not be able to pipeline it. This may degrade performance. 
RAM Pipeline Warning: Read Address Register Found For RAM mem_2_reg. We will not be able to pipeline it. This may degrade performance. 
RAM Pipeline Warning: Read Address Register Found For RAM mem_3_reg. We will not be able to pipeline it. This may degrade performance. 
RAM Pipeline Warning: Read Address Register Found For RAM mem_1_reg. We will not be able to pipeline it. This may degrade performance. 
RAM Pipeline Warning: Read Address Register Found For RAM mem_2_reg. We will not be able to pipeline it. This may degrade performance. 
INFO: [Synth 8-3886] merging instance 'i_0/mem_3_reg_mux_sel__119' (FD) to 'i_0/mem_3_reg_mux_sel__130'
INFO: [Synth 8-3886] merging instance 'i_0/mem_3_reg_mux_sel__95' (FD) to 'i_0/mem_3_reg_mux_sel__106'
INFO: [Synth 8-3886] merging instance 'i_0/mem_3_reg_mux_sel__71' (FD) to 'i_0/mem_3_reg_mux_sel__130'
INFO: [Synth 8-3886] merging instance 'i_0/mem_3_reg_mux_sel__47' (FD) to 'i_0/mem_3_reg_mux_sel__130'
INFO: [Synth 8-3886] merging instance 'i_0/mem_3_reg_mux_sel__23' (FD) to 'i_0/mem_3_reg_mux_sel__106'
INFO: [Synth 8-3886] merging instance 'i_0/mem_3_reg_mux_sel' (FD) to 'i_0/mem_3_reg_mux_sel__10'
INFO: [Synth 8-3886] merging instance 'i_0/mem_3_reg_mux_sel__120' (FD) to 'i_0/mem_3_reg_mux_sel__130'
INFO: [Synth 8-3886] merging instance 'i_0/mem_3_reg_mux_sel__96' (FD) to 'i_0/mem_3_reg_mux_sel__106'
INFO: [Synth 8-3886] merging instance 'i_0/mem_3_reg_mux_sel__72' (FD) to 'i_0/mem_3_reg_mux_sel__130'
INFO: [Synth 8-3886] merging instance 'i_0/mem_3_reg_mux_sel__48' (FD) to 'i_0/mem_3_reg_mux_sel__130'
INFO: [Synth 8-3886] merging instance 'i_0/mem_3_reg_mux_sel__24' (FD) to 'i_0/mem_3_reg_mux_sel__106'
INFO: [Synth 8-3886] merging instance 'i_0/mem_3_reg_mux_sel__0' (FD) to 'i_0/mem_3_reg_mux_sel__10'
INFO: [Synth 8-3886] merging instance 'i_0/mem_3_reg_mux_sel__121' (FD) to 'i_0/mem_3_reg_mux_sel__130'
INFO: [Synth 8-3886] merging instance 'i_0/mem_3_reg_mux_sel__97' (FD) to 'i_0/mem_3_reg_mux_sel__106'
INFO: [Synth 8-3886] merging instance 'i_0/mem_3_reg_mux_sel__73' (FD) to 'i_0/mem_3_reg_mux_sel__130'
INFO: [Synth 8-3886] merging instance 'i_0/mem_3_reg_mux_sel__49' (FD) to 'i_0/mem_3_reg_mux_sel__130'
INFO: [Synth 8-3886] merging instance 'i_0/mem_3_reg_mux_sel__25' (FD) to 'i_0/mem_3_reg_mux_sel__106'
INFO: [Synth 8-3886] merging instance 'i_0/mem_3_reg_mux_sel__1' (FD) to 'i_0/mem_3_reg_mux_sel__10'
INFO: [Synth 8-3886] merging instance 'i_0/mem_3_reg_mux_sel__122' (FD) to 'i_0/mem_3_reg_mux_sel__130'
INFO: [Synth 8-3886] merging instance 'i_0/mem_3_reg_mux_sel__98' (FD) to 'i_0/mem_3_reg_mux_sel__106'
INFO: [Synth 8-3886] merging instance 'i_0/mem_3_reg_mux_sel__74' (FD) to 'i_0/mem_3_reg_mux_sel__130'
INFO: [Synth 8-3886] merging instance 'i_0/mem_3_reg_mux_sel__50' (FD) to 'i_0/mem_3_reg_mux_sel__130'
INFO: [Synth 8-3886] merging instance 'i_0/mem_3_reg_mux_sel__26' (FD) to 'i_0/mem_3_reg_mux_sel__106'
INFO: [Synth 8-3886] merging instance 'i_0/mem_3_reg_mux_sel__2' (FD) to 'i_0/mem_3_reg_mux_sel__10'
INFO: [Synth 8-3886] merging instance 'i_0/mem_3_reg_mux_sel__123' (FD) to 'i_0/mem_3_reg_mux_sel__130'
INFO: [Synth 8-3886] merging instance 'i_0/mem_3_reg_mux_sel__99' (FD) to 'i_0/mem_3_reg_mux_sel__106'
INFO: [Synth 8-3886] merging instance 'i_0/mem_3_reg_mux_sel__75' (FD) to 'i_0/mem_3_reg_mux_sel__130'
INFO: [Synth 8-3886] merging instance 'i_0/mem_3_reg_mux_sel__51' (FD) to 'i_0/mem_3_reg_mux_sel__130'
INFO: [Synth 8-3886] merging instance 'i_0/mem_3_reg_mux_sel__27' (FD) to 'i_0/mem_3_reg_mux_sel__106'
INFO: [Synth 8-3886] merging instance 'i_0/mem_3_reg_mux_sel__3' (FD) to 'i_0/mem_3_reg_mux_sel__10'
INFO: [Synth 8-3886] merging instance 'i_0/mem_3_reg_mux_sel__124' (FD) to 'i_0/mem_3_reg_mux_sel__130'
INFO: [Synth 8-3886] merging instance 'i_0/mem_3_reg_mux_sel__100' (FD) to 'i_0/mem_3_reg_mux_sel__106'
INFO: [Synth 8-3886] merging instance 'i_0/mem_3_reg_mux_sel__76' (FD) to 'i_0/mem_3_reg_mux_sel__130'
INFO: [Synth 8-3886] merging instance 'i_0/mem_3_reg_mux_sel__52' (FD) to 'i_0/mem_3_reg_mux_sel__130'
INFO: [Synth 8-3886] merging instance 'i_0/mem_3_reg_mux_sel__28' (FD) to 'i_0/mem_3_reg_mux_sel__106'
INFO: [Synth 8-3886] merging instance 'i_0/mem_3_reg_mux_sel__4' (FD) to 'i_0/mem_3_reg_mux_sel__10'
INFO: [Synth 8-3886] merging instance 'i_0/mem_3_reg_mux_sel__125' (FD) to 'i_0/mem_3_reg_mux_sel__130'
INFO: [Synth 8-3886] merging instance 'i_0/mem_3_reg_mux_sel__101' (FD) to 'i_0/mem_3_reg_mux_sel__106'
INFO: [Synth 8-3886] merging instance 'i_0/mem_3_reg_mux_sel__77' (FD) to 'i_0/mem_3_reg_mux_sel__130'
INFO: [Synth 8-3886] merging instance 'i_0/mem_3_reg_mux_sel__53' (FD) to 'i_0/mem_3_reg_mux_sel__130'
INFO: [Synth 8-3886] merging instance 'i_0/mem_3_reg_mux_sel__29' (FD) to 'i_0/mem_3_reg_mux_sel__106'
INFO: [Synth 8-3886] merging instance 'i_0/mem_3_reg_mux_sel__5' (FD) to 'i_0/mem_3_reg_mux_sel__10'
INFO: [Synth 8-3886] merging instance 'i_0/mem_3_reg_mux_sel__126' (FD) to 'i_0/mem_3_reg_mux_sel__130'
INFO: [Synth 8-3886] merging instance 'i_0/mem_3_reg_mux_sel__102' (FD) to 'i_0/mem_3_reg_mux_sel__106'
INFO: [Synth 8-3886] merging instance 'i_0/mem_3_reg_mux_sel__78' (FD) to 'i_0/mem_3_reg_mux_sel__130'
INFO: [Synth 8-3886] merging instance 'i_0/mem_3_reg_mux_sel__54' (FD) to 'i_0/mem_3_reg_mux_sel__130'
INFO: [Synth 8-3886] merging instance 'i_0/mem_3_reg_mux_sel__30' (FD) to 'i_0/mem_3_reg_mux_sel__106'
INFO: [Synth 8-3886] merging instance 'i_0/mem_3_reg_mux_sel__6' (FD) to 'i_0/mem_3_reg_mux_sel__10'
INFO: [Synth 8-3886] merging instance 'i_0/mem_3_reg_mux_sel__127' (FD) to 'i_0/mem_3_reg_mux_sel__130'
INFO: [Synth 8-3886] merging instance 'i_0/mem_3_reg_mux_sel__103' (FD) to 'i_0/mem_3_reg_mux_sel__106'
INFO: [Synth 8-3886] merging instance 'i_0/mem_3_reg_mux_sel__79' (FD) to 'i_0/mem_3_reg_mux_sel__130'
INFO: [Synth 8-3886] merging instance 'i_0/mem_3_reg_mux_sel__55' (FD) to 'i_0/mem_3_reg_mux_sel__130'
INFO: [Synth 8-3886] merging instance 'i_0/mem_3_reg_mux_sel__31' (FD) to 'i_0/mem_3_reg_mux_sel__106'
INFO: [Synth 8-3886] merging instance 'i_0/mem_3_reg_mux_sel__7' (FD) to 'i_0/mem_3_reg_mux_sel__10'
INFO: [Synth 8-3886] merging instance 'i_0/mem_3_reg_mux_sel__128' (FD) to 'i_0/mem_3_reg_mux_sel__130'
INFO: [Synth 8-3886] merging instance 'i_0/mem_3_reg_mux_sel__104' (FD) to 'i_0/mem_3_reg_mux_sel__106'
INFO: [Synth 8-3886] merging instance 'i_0/mem_3_reg_mux_sel__80' (FD) to 'i_0/mem_3_reg_mux_sel__130'
INFO: [Synth 8-3886] merging instance 'i_0/mem_3_reg_mux_sel__56' (FD) to 'i_0/mem_3_reg_mux_sel__130'
INFO: [Synth 8-3886] merging instance 'i_0/mem_3_reg_mux_sel__32' (FD) to 'i_0/mem_3_reg_mux_sel__106'
INFO: [Synth 8-3886] merging instance 'i_0/mem_3_reg_mux_sel__8' (FD) to 'i_0/mem_3_reg_mux_sel__10'
INFO: [Synth 8-3886] merging instance 'i_0/mem_3_reg_mux_sel__129' (FD) to 'i_0/mem_3_reg_mux_sel__130'
INFO: [Synth 8-3886] merging instance 'i_0/mem_3_reg_mux_sel__105' (FD) to 'i_0/mem_3_reg_mux_sel__106'
INFO: [Synth 8-3886] merging instance 'i_0/mem_3_reg_mux_sel__81' (FD) to 'i_0/mem_3_reg_mux_sel__130'
INFO: [Synth 8-3886] merging instance 'i_0/mem_3_reg_mux_sel__57' (FD) to 'i_0/mem_3_reg_mux_sel__130'
INFO: [Synth 8-3886] merging instance 'i_0/mem_3_reg_mux_sel__33' (FD) to 'i_0/mem_3_reg_mux_sel__106'
INFO: [Synth 8-3886] merging instance 'i_0/mem_3_reg_mux_sel__9' (FD) to 'i_0/mem_3_reg_mux_sel__10'
INFO: [Synth 8-3886] merging instance 'i_0/mem_3_reg_mux_sel__130' (FD) to 'i_0/mem_3_reg_mux_sel__82'
INFO: [Synth 8-3886] merging instance 'i_0/mem_3_reg_mux_sel__106' (FD) to 'i_0/mem_3_reg_mux_sel__34'
INFO: [Synth 8-3886] merging instance 'i_0/mem_3_reg_mux_sel__82' (FD) to 'i_0/mem_3_reg_mux_sel__58'
INFO: [Synth 8-3886] merging instance 'VexRiscv/dBusWishbone_DAT_MISO_regNext_reg[0]' (FD) to 'VexRiscv/iBusWishbone_DAT_MISO_regNext_reg[0]'
INFO: [Synth 8-3886] merging instance 'VexRiscv/dBusWishbone_DAT_MISO_regNext_reg[1]' (FD) to 'VexRiscv/iBusWishbone_DAT_MISO_regNext_reg[1]'
INFO: [Synth 8-3886] merging instance 'VexRiscv/dBusWishbone_DAT_MISO_regNext_reg[2]' (FD) to 'VexRiscv/iBusWishbone_DAT_MISO_regNext_reg[2]'
INFO: [Synth 8-3886] merging instance 'VexRiscv/dBusWishbone_DAT_MISO_regNext_reg[3]' (FD) to 'VexRiscv/iBusWishbone_DAT_MISO_regNext_reg[3]'
INFO: [Synth 8-3886] merging instance 'VexRiscv/dBusWishbone_DAT_MISO_regNext_reg[4]' (FD) to 'VexRiscv/iBusWishbone_DAT_MISO_regNext_reg[4]'
INFO: [Synth 8-3886] merging instance 'VexRiscv/dBusWishbone_DAT_MISO_regNext_reg[5]' (FD) to 'VexRiscv/iBusWishbone_DAT_MISO_regNext_reg[5]'
INFO: [Synth 8-3886] merging instance 'VexRiscv/dBusWishbone_DAT_MISO_regNext_reg[6]' (FD) to 'VexRiscv/iBusWishbone_DAT_MISO_regNext_reg[6]'
INFO: [Synth 8-3886] merging instance 'VexRiscv/dBusWishbone_DAT_MISO_regNext_reg[8]' (FD) to 'VexRiscv/iBusWishbone_DAT_MISO_regNext_reg[8]'
INFO: [Synth 8-3886] merging instance 'VexRiscv/dBusWishbone_DAT_MISO_regNext_reg[9]' (FD) to 'VexRiscv/iBusWishbone_DAT_MISO_regNext_reg[9]'
INFO: [Synth 8-3886] merging instance 'VexRiscv/dBusWishbone_DAT_MISO_regNext_reg[10]' (FD) to 'VexRiscv/iBusWishbone_DAT_MISO_regNext_reg[10]'
INFO: [Synth 8-3886] merging instance 'VexRiscv/dBusWishbone_DAT_MISO_regNext_reg[11]' (FD) to 'VexRiscv/iBusWishbone_DAT_MISO_regNext_reg[11]'
INFO: [Synth 8-3886] merging instance 'VexRiscv/dBusWishbone_DAT_MISO_regNext_reg[12]' (FD) to 'VexRiscv/iBusWishbone_DAT_MISO_regNext_reg[12]'
INFO: [Synth 8-3886] merging instance 'VexRiscv/dBusWishbone_DAT_MISO_regNext_reg[13]' (FD) to 'VexRiscv/iBusWishbone_DAT_MISO_regNext_reg[13]'
INFO: [Synth 8-3886] merging instance 'VexRiscv/dBusWishbone_DAT_MISO_regNext_reg[14]' (FD) to 'VexRiscv/iBusWishbone_DAT_MISO_regNext_reg[14]'
INFO: [Synth 8-3886] merging instance 'VexRiscv/dBusWishbone_DAT_MISO_regNext_reg[16]' (FD) to 'VexRiscv/iBusWishbone_DAT_MISO_regNext_reg[16]'
INFO: [Synth 8-3886] merging instance 'VexRiscv/dBusWishbone_DAT_MISO_regNext_reg[17]' (FD) to 'VexRiscv/iBusWishbone_DAT_MISO_regNext_reg[17]'
INFO: [Synth 8-3886] merging instance 'VexRiscv/dBusWishbone_DAT_MISO_regNext_reg[18]' (FD) to 'VexRiscv/iBusWishbone_DAT_MISO_regNext_reg[18]'
INFO: [Synth 8-3886] merging instance 'VexRiscv/dBusWishbone_DAT_MISO_regNext_reg[19]' (FD) to 'VexRiscv/iBusWishbone_DAT_MISO_regNext_reg[19]'
INFO: [Synth 8-3886] merging instance 'VexRiscv/dBusWishbone_DAT_MISO_regNext_reg[20]' (FD) to 'VexRiscv/iBusWishbone_DAT_MISO_regNext_reg[20]'
INFO: [Synth 8-3886] merging instance 'VexRiscv/dBusWishbone_DAT_MISO_regNext_reg[21]' (FD) to 'VexRiscv/iBusWishbone_DAT_MISO_regNext_reg[21]'
INFO: [Synth 8-3886] merging instance 'VexRiscv/dBusWishbone_DAT_MISO_regNext_reg[22]' (FD) to 'VexRiscv/iBusWishbone_DAT_MISO_regNext_reg[22]'
INFO: [Synth 8-3886] merging instance 'VexRiscv/dBusWishbone_DAT_MISO_regNext_reg[24]' (FD) to 'VexRiscv/iBusWishbone_DAT_MISO_regNext_reg[24]'
INFO: [Synth 8-3886] merging instance 'VexRiscv/dBusWishbone_DAT_MISO_regNext_reg[25]' (FD) to 'VexRiscv/iBusWishbone_DAT_MISO_regNext_reg[25]'
INFO: [Synth 8-3886] merging instance 'VexRiscv/dBusWishbone_DAT_MISO_regNext_reg[26]' (FD) to 'VexRiscv/iBusWishbone_DAT_MISO_regNext_reg[26]'
INFO: [Synth 8-3886] merging instance 'VexRiscv/dBusWishbone_DAT_MISO_regNext_reg[27]' (FD) to 'VexRiscv/iBusWishbone_DAT_MISO_regNext_reg[27]'
INFO: [Synth 8-3886] merging instance 'VexRiscv/dBusWishbone_DAT_MISO_regNext_reg[28]' (FD) to 'VexRiscv/iBusWishbone_DAT_MISO_regNext_reg[28]'
INFO: [Synth 8-3886] merging instance 'VexRiscv/dBusWishbone_DAT_MISO_regNext_reg[29]' (FD) to 'VexRiscv/iBusWishbone_DAT_MISO_regNext_reg[29]'
INFO: [Synth 8-3886] merging instance 'VexRiscv/dBusWishbone_DAT_MISO_regNext_reg[30]' (FD) to 'VexRiscv/iBusWishbone_DAT_MISO_regNext_reg[30]'
INFO: [Synth 8-3886] merging instance 'VexRiscv/dBusWishbone_DAT_MISO_regNext_reg[7]' (FD) to 'VexRiscv/iBusWishbone_DAT_MISO_regNext_reg[7]'
INFO: [Synth 8-3886] merging instance 'VexRiscv/dBusWishbone_DAT_MISO_regNext_reg[15]' (FD) to 'VexRiscv/iBusWishbone_DAT_MISO_regNext_reg[15]'
INFO: [Synth 8-3886] merging instance 'VexRiscv/dBusWishbone_DAT_MISO_regNext_reg[23]' (FD) to 'VexRiscv/iBusWishbone_DAT_MISO_regNext_reg[23]'
INFO: [Common 17-14] Message 'Synth 8-3886' appears 100 times and further instances of the messages will be disabled. Use the Tcl command set_msg_config to change the current settings.
INFO: [Synth 8-3333] propagating constant 0 across sequential element (VexRiscv/\execute_to_memory_BRANCH_CALC_reg[0] )
INFO: [Synth 8-3333] propagating constant 0 across sequential element (\interface7_bank_bus_dat_r_reg[3] )
INFO: [Synth 8-3333] propagating constant 0 across sequential element (\interface7_bank_bus_dat_r_reg[4] )
INFO: [Synth 8-3333] propagating constant 0 across sequential element (\interface7_bank_bus_dat_r_reg[5] )
INFO: [Synth 8-3333] propagating constant 0 across sequential element (\interface6_bank_bus_dat_r_reg[5] )
INFO: [Synth 8-3333] propagating constant 0 across sequential element (\interface7_bank_bus_dat_r_reg[6] )
INFO: [Synth 8-3333] propagating constant 0 across sequential element (\interface6_bank_bus_dat_r_reg[6] )
INFO: [Synth 8-3333] propagating constant 0 across sequential element (\interface7_bank_bus_dat_r_reg[7] )
INFO: [Synth 8-3333] propagating constant 0 across sequential element (\interface6_bank_bus_dat_r_reg[7] )
INFO: [Synth 8-3333] propagating constant 0 across sequential element (\interface7_bank_bus_dat_r_reg[8] )
INFO: [Synth 8-3333] propagating constant 0 across sequential element (\interface6_bank_bus_dat_r_reg[8] )
INFO: [Synth 8-3333] propagating constant 0 across sequential element (\interface7_bank_bus_dat_r_reg[9] )
INFO: [Synth 8-3333] propagating constant 0 across sequential element (\interface6_bank_bus_dat_r_reg[9] )
INFO: [Synth 8-3333] propagating constant 0 across sequential element (\interface7_bank_bus_dat_r_reg[10] )
INFO: [Synth 8-3333] propagating constant 0 across sequential element (\interface6_bank_bus_dat_r_reg[10] )
INFO: [Synth 8-3333] propagating constant 0 across sequential element (\interface7_bank_bus_dat_r_reg[11] )
INFO: [Synth 8-3333] propagating constant 0 across sequential element (\interface6_bank_bus_dat_r_reg[11] )
INFO: [Synth 8-3333] propagating constant 0 across sequential element (\interface7_bank_bus_dat_r_reg[12] )
INFO: [Synth 8-3333] propagating constant 0 across sequential element (\interface6_bank_bus_dat_r_reg[12] )
INFO: [Synth 8-3333] propagating constant 0 across sequential element (\interface7_bank_bus_dat_r_reg[13] )
INFO: [Synth 8-3333] propagating constant 0 across sequential element (\interface6_bank_bus_dat_r_reg[13] )
INFO: [Synth 8-3333] propagating constant 0 across sequential element (\interface7_bank_bus_dat_r_reg[14] )
INFO: [Synth 8-3333] propagating constant 0 across sequential element (\interface6_bank_bus_dat_r_reg[14] )
INFO: [Synth 8-3333] propagating constant 0 across sequential element (\interface7_bank_bus_dat_r_reg[15] )
INFO: [Synth 8-3333] propagating constant 0 across sequential element (\interface6_bank_bus_dat_r_reg[15] )
INFO: [Synth 8-3333] propagating constant 0 across sequential element (\interface7_bank_bus_dat_r_reg[16] )
INFO: [Synth 8-3333] propagating constant 0 across sequential element (\interface6_bank_bus_dat_r_reg[16] )
INFO: [Synth 8-3333] propagating constant 0 across sequential element (\interface7_bank_bus_dat_r_reg[17] )
INFO: [Synth 8-3333] propagating constant 0 across sequential element (\interface6_bank_bus_dat_r_reg[17] )
INFO: [Synth 8-3333] propagating constant 0 across sequential element (\interface7_bank_bus_dat_r_reg[18] )
INFO: [Synth 8-3333] propagating constant 0 across sequential element (\interface6_bank_bus_dat_r_reg[18] )
INFO: [Synth 8-3333] propagating constant 0 across sequential element (\interface7_bank_bus_dat_r_reg[19] )
INFO: [Synth 8-3333] propagating constant 0 across sequential element (\interface6_bank_bus_dat_r_reg[19] )
INFO: [Synth 8-3333] propagating constant 0 across sequential element (\interface7_bank_bus_dat_r_reg[20] )
INFO: [Synth 8-3333] propagating constant 0 across sequential element (\interface6_bank_bus_dat_r_reg[20] )
INFO: [Synth 8-3333] propagating constant 0 across sequential element (\interface7_bank_bus_dat_r_reg[21] )
INFO: [Synth 8-3333] propagating constant 0 across sequential element (\interface6_bank_bus_dat_r_reg[21] )
INFO: [Synth 8-3333] propagating constant 0 across sequential element (\interface7_bank_bus_dat_r_reg[22] )
INFO: [Synth 8-3333] propagating constant 0 across sequential element (\interface6_bank_bus_dat_r_reg[22] )
INFO: [Synth 8-3333] propagating constant 0 across sequential element (\interface7_bank_bus_dat_r_reg[23] )
INFO: [Synth 8-3333] propagating constant 0 across sequential element (\interface6_bank_bus_dat_r_reg[23] )
INFO: [Synth 8-3333] propagating constant 0 across sequential element (\interface7_bank_bus_dat_r_reg[24] )
INFO: [Synth 8-3333] propagating constant 0 across sequential element (\interface6_bank_bus_dat_r_reg[24] )
INFO: [Synth 8-3333] propagating constant 0 across sequential element (\interface7_bank_bus_dat_r_reg[25] )
INFO: [Synth 8-3333] propagating constant 0 across sequential element (\interface6_bank_bus_dat_r_reg[25] )
INFO: [Synth 8-3333] propagating constant 0 across sequential element (\interface7_bank_bus_dat_r_reg[26] )
INFO: [Synth 8-3333] propagating constant 0 across sequential element (\interface6_bank_bus_dat_r_reg[26] )
INFO: [Synth 8-3333] propagating constant 0 across sequential element (\interface7_bank_bus_dat_r_reg[27] )
INFO: [Synth 8-3333] propagating constant 0 across sequential element (\interface6_bank_bus_dat_r_reg[27] )
INFO: [Synth 8-3333] propagating constant 0 across sequential element (\interface7_bank_bus_dat_r_reg[28] )
INFO: [Synth 8-3333] propagating constant 0 across sequential element (\interface6_bank_bus_dat_r_reg[28] )
INFO: [Synth 8-3333] propagating constant 0 across sequential element (\interface7_bank_bus_dat_r_reg[29] )
INFO: [Synth 8-3333] propagating constant 0 across sequential element (\interface6_bank_bus_dat_r_reg[29] )
INFO: [Synth 8-3333] propagating constant 0 across sequential element (\interface7_bank_bus_dat_r_reg[30] )
INFO: [Synth 8-3333] propagating constant 0 across sequential element (\interface6_bank_bus_dat_r_reg[30] )
INFO: [Synth 8-3333] propagating constant 0 across sequential element (\interface11_bank_bus_dat_r_reg[31] )
INFO: [Synth 8-3333] propagating constant 0 across sequential element (\interface10_bank_bus_dat_r_reg[31] )
INFO: [Synth 8-3333] propagating constant 0 across sequential element (\interface7_bank_bus_dat_r_reg[31] )
INFO: [Synth 8-3333] propagating constant 0 across sequential element (\interface6_bank_bus_dat_r_reg[31] )
INFO: [Synth 8-3333] propagating constant 0 across sequential element (\interface3_bank_bus_dat_r_reg[31] )
INFO: [Synth 8-3333] propagating constant 0 across sequential element (\interface2_bank_bus_dat_r_reg[31] )
INFO: [Synth 8-3333] propagating constant 1 across sequential element (VexRiscv/\CsrPlugin_interrupt_code_reg[0] )
INFO: [Synth 8-3333] propagating constant 1 across sequential element (VexRiscv/\CsrPlugin_interrupt_targetPrivilege_reg[1] )
INFO: [Synth 8-3333] propagating constant 0 across sequential element (VexRiscv/\IBusCachedPlugin_fetchPc_pcReg_reg[1] )
INFO: [Synth 8-3333] propagating constant 0 across sequential element (VexRiscv/\externalInterruptArray_regNext_reg[9] )
INFO: [Synth 8-3333] propagating constant 0 across sequential element (VexRiscv/\externalInterruptArray_regNext_reg[10] )
INFO: [Synth 8-3333] propagating constant 0 across sequential element (VexRiscv/\externalInterruptArray_regNext_reg[8] )
INFO: [Synth 8-3333] propagating constant 0 across sequential element (VexRiscv/\externalInterruptArray_regNext_reg[7] )
INFO: [Synth 8-3333] propagating constant 0 across sequential element (VexRiscv/\externalInterruptArray_regNext_reg[6] )
INFO: [Synth 8-3333] propagating constant 0 across sequential element (VexRiscv/\externalInterruptArray_regNext_reg[5] )
INFO: [Synth 8-3333] propagating constant 0 across sequential element (VexRiscv/\externalInterruptArray_regNext_reg[4] )
INFO: [Synth 8-3333] propagating constant 0 across sequential element (VexRiscv/\externalInterruptArray_regNext_reg[3] )
INFO: [Synth 8-3333] propagating constant 0 across sequential element (VexRiscv/\externalInterruptArray_regNext_reg[2] )
INFO: [Synth 8-3333] propagating constant 0 across sequential element (VexRiscv/\externalInterruptArray_regNext_reg[14] )
INFO: [Synth 8-3333] propagating constant 0 across sequential element (VexRiscv/\externalInterruptArray_regNext_reg[13] )
INFO: [Synth 8-3333] propagating constant 0 across sequential element (VexRiscv/\externalInterruptArray_regNext_reg[12] )
INFO: [Synth 8-3333] propagating constant 0 across sequential element (VexRiscv/IBusCachedPlugin_cache/lineLoader_hadError_reg)
INFO: [Synth 8-3333] propagating constant 0 across sequential element (VexRiscv/\externalInterruptArray_regNext_reg[11] )
INFO: [Synth 8-3333] propagating constant 0 across sequential element (VexRiscv/\externalInterruptArray_regNext_reg[15] )
INFO: [Synth 8-3333] propagating constant 0 across sequential element (VexRiscv/\externalInterruptArray_regNext_reg[16] )
INFO: [Synth 8-3333] propagating constant 0 across sequential element (VexRiscv/\externalInterruptArray_regNext_reg[17] )
INFO: [Synth 8-3333] propagating constant 0 across sequential element (VexRiscv/\externalInterruptArray_regNext_reg[18] )
INFO: [Synth 8-3333] propagating constant 0 across sequential element (VexRiscv/\externalInterruptArray_regNext_reg[19] )
INFO: [Synth 8-3333] propagating constant 0 across sequential element (VexRiscv/\externalInterruptArray_regNext_reg[20] )
INFO: [Synth 8-3333] propagating constant 0 across sequential element (VexRiscv/\externalInterruptArray_regNext_reg[21] )
INFO: [Synth 8-3333] propagating constant 0 across sequential element (VexRiscv/\externalInterruptArray_regNext_reg[22] )
INFO: [Synth 8-3333] propagating constant 0 across sequential element (VexRiscv/\externalInterruptArray_regNext_reg[23] )
INFO: [Synth 8-3333] propagating constant 0 across sequential element (VexRiscv/\externalInterruptArray_regNext_reg[24] )
INFO: [Synth 8-3333] propagating constant 0 across sequential element (VexRiscv/\externalInterruptArray_regNext_reg[25] )
INFO: [Synth 8-3333] propagating constant 0 across sequential element (VexRiscv/\externalInterruptArray_regNext_reg[26] )
INFO: [Synth 8-3333] propagating constant 0 across sequential element (VexRiscv/\externalInterruptArray_regNext_reg[27] )
INFO: [Synth 8-3333] propagating constant 0 across sequential element (VexRiscv/\externalInterruptArray_regNext_reg[28] )
INFO: [Synth 8-3333] propagating constant 0 across sequential element (VexRiscv/\externalInterruptArray_regNext_reg[29] )
INFO: [Synth 8-3333] propagating constant 0 across sequential element (VexRiscv/\externalInterruptArray_regNext_reg[30] )
INFO: [Synth 8-3333] propagating constant 0 across sequential element (VexRiscv/dataCache_1/loader_killReg_reg)
INFO: [Synth 8-3333] propagating constant 0 across sequential element (VexRiscv/dataCache_1/loader_error_reg)
INFO: [Synth 8-3333] propagating constant 0 across sequential element (VexRiscv/\externalInterruptArray_regNext_reg[31] )
INFO: [Synth 8-3333] propagating constant 0 across sequential element (VexRiscv/CsrPlugin_mip_MTIP_reg)
INFO: [Synth 8-3333] propagating constant 1 across sequential element (VexRiscv/dataCache_1/\loader_waysAllocator_reg[0] )
INFO: [Synth 8-3333] propagating constant 0 across sequential element (VexRiscv/IBusCachedPlugin_s1_tightlyCoupledHit_reg)
INFO: [Common 17-14] Message 'Synth 8-3333' appears 100 times and further instances of the messages will be disabled. Use the Tcl command set_msg_config to change the current settings.
INFO: [Common 17-41] Interrupt caught. Command should exit soon.
1
1
INFO: [Common 17-83] Releasing license: Synthesis
266 Infos, 214 Warnings, 0 Critical Warnings and 1 Errors encountered.
synth_design failed
INFO: [Common 17-344] 'source' was cancelled
INFO: [Common 17-206] Exiting Vivado at Tue Feb  8 11:02:51 2022...
